#
# A fatal error has been detected by the Java Runtime Environment:
#
#  EXCEPTION_ACCESS_VIOLATION (0xc0000005) at pc=0x0000000059879dc8, pid=756, tid=0x00000000000012d8
#
# JRE version: OpenJDK Runtime Environment (8.0_112-b06) (build 1.8.0_112-release-b06)
# Java VM: OpenJDK 64-Bit Server VM (25.112-b06 mixed mode windows-amd64 compressed oops)
# Problematic frame:
# V  [jvm.dll+0x4f9dc8]
#
# Failed to write core dump. Minidumps are not enabled by default on client versions of Windows
#
# If you would like to submit a bug report, please visit:
#   http://bugreport.java.com/bugreport/crash.jsp
#

---------------  T H R E A D  ---------------

Current thread (0x00000000168ce800):  JavaThread "C2 CompilerThread1" daemon [_thread_in_native, id=4824, stack(0x0000000018010000,0x0000000018110000)]

siginfo: ExceptionCode=0xc0000005, reading address 0xffffffffffffffff

Registers:
RAX=0x0000000019d41af0, RBX=0x40000000197092f0, RCX=0x40000000197092f0, RDX=0x0000000000000012
RSP=0x000000001810b700, RBP=0x0000000088ca6bff, RSI=0x0000000000000000, RDI=0x0000000019d41af0
R8 =0x0000000000000004, R9 =0x40000000197092f0, R10=0x0000000000000000, R11=0x0000000018d96b88
R12=0x0000000000000012, R13=0x0000000000000000, R14=0x0000000000000000, R15=0x00000000000000ff
RIP=0x0000000059879dc8, EFLAGS=0x0000000000010202

Top of Stack: (sp=0x000000001810b700)
0x000000001810b700:   00000000197092f0 000000005987848e
0x000000001810b710:   0000000019d41af0 0000000018d966c0
0x000000001810b720:   000000001aff5830 0000000000000004
0x000000001810b730:   40000000197092f0 000000005987b7e2
0x000000001810b740:   0000000019d41af0 0000000018d966c0
0x000000001810b750:   0000000000000000 0000000000000000
0x000000001810b760:   000000001690dc00 0000000000000000
0x000000001810b770:   0000000088ca6bff 0000000000000000
0x000000001810b780:   0000000000000000 000000007fffffff
0x000000001810b790:   000000001810c720 000000001810b890
0x000000001810b7a0:   0000000018d97018 000000005987be89
0x000000001810b7b0:   0000000000000010 000000001aff5830
0x000000001810b7c0:   0000000088ca6bff 0000000059446a00
0x000000001810b7d0:   0000000019cc2200 0000000088ca6bff
0x000000001810b7e0:   0000000000000000 0000000000000000
0x000000001810b7f0:   000000007fffffff 00000000597cc000 

Instructions: (pc=0x0000000059879dc8)
0x0000000059879da8:   01 00 00 83 7f 10 12 48 8b c6 48 0f 44 c7 48 85
0x0000000059879db8:   c0 74 46 40 38 35 ae da 2b 00 0f 84 3b 01 00 00
0x0000000059879dc8:   48 8b 01 ff 50 68 84 c0 0f 84 2d 01 00 00 40 38
0x0000000059879dd8:   35 94 da 2b 00 b8 10 00 00 00 b9 0c 00 00 00 0f 


Register to memory mapping:

RAX=0x0000000019d41af0 is an unknown value
RBX=0x40000000197092f0 is an unknown value
RCX=0x40000000197092f0 is an unknown value
RDX=0x0000000000000012 is an unknown value
RSP=0x000000001810b700 is pointing into the stack for thread: 0x00000000168ce800
RBP=0x0000000088ca6bff is an unknown value
RSI=0x0000000000000000 is an unknown value
RDI=0x0000000019d41af0 is an unknown value
R8 =0x0000000000000004 is an unknown value
R9 =0x40000000197092f0 is an unknown value
R10=0x0000000000000000 is an unknown value
R11=0x0000000018d96b88 is an unknown value
R12=0x0000000000000012 is an unknown value
R13=0x0000000000000000 is an unknown value
R14=0x0000000000000000 is an unknown value
R15=0x00000000000000ff is an unknown value


Stack: [0x0000000018010000,0x0000000018110000],  sp=0x000000001810b700,  free space=1005k
Native frames: (J=compiled Java code, j=interpreted, Vv=VM code, C=native code)
V  [jvm.dll+0x4f9dc8]
V  [jvm.dll+0x4fb7e2]
V  [jvm.dll+0x4fbe89]
V  [jvm.dll+0x44b20f]
V  [jvm.dll+0x44c81e]
V  [jvm.dll+0x4507d4]
V  [jvm.dll+0x45194a]
V  [jvm.dll+0x452163]
V  [jvm.dll+0x43e8a6]
V  [jvm.dll+0x43fef2]
V  [jvm.dll+0x423242]
V  [jvm.dll+0x80b29]
V  [jvm.dll+0x8145f]
V  [jvm.dll+0x21be7f]
V  [jvm.dll+0x26c13a]
C  [msvcr100.dll+0x21d9f]
C  [msvcr100.dll+0x21e3b]
C  [KERNEL32.DLL+0x8364]
C  [ntdll.dll+0x670d1]


Current CompileTask:
C2:  28012 2736       4       com.sun.org.apache.xerces.internal.impl.XMLDocumentFragmentScannerImpl::scanStartElement (440 bytes)


---------------  P R O C E S S  ---------------

Java Threads: ( => current thread )
  0x000000001a3bf800 JavaThread "File lock request listener" [_thread_in_native, id=6404, stack(0x000000001d710000,0x000000001d810000)]
  0x0000000019393000 JavaThread "Stdin handler" [_thread_blocked, id=4660, stack(0x000000001c240000,0x000000001c340000)]
  0x000000001971f000 JavaThread "Asynchronous log dispatcher for DefaultDaemonConnection: socket connection from /127.0.0.1:51380 to /127.0.0.1:51381" [_thread_blocked, id=7084, stack(0x000000001c140000,0x000000001c240000)]
  0x0000000019391800 JavaThread "Daemon worker" [_thread_in_Java, id=5620, stack(0x000000001c040000,0x000000001c140000)]
  0x0000000018594000 JavaThread "Cancel handler" [_thread_blocked, id=4652, stack(0x000000001bf40000,0x000000001c040000)]
  0x0000000018a60000 JavaThread "pool-1-thread-1" [_thread_blocked, id=348, stack(0x000000001be40000,0x000000001bf40000)]
  0x0000000019091000 JavaThread "Handler for socket connection from /127.0.0.1:51380 to /127.0.0.1:51381" [_thread_in_native, id=8732, stack(0x000000001bd40000,0x000000001be40000)]
  0x0000000019090000 JavaThread "Daemon" [_thread_blocked, id=8200, stack(0x000000001b0e0000,0x000000001b1e0000)]
  0x000000001969e000 JavaThread "Incoming local TCP Connector on port 51380" [_thread_in_native, id=4268, stack(0x0000000019fe0000,0x000000001a0e0000)]
  0x0000000018238800 JavaThread "Service Thread" daemon [_thread_blocked, id=8992, stack(0x0000000018610000,0x0000000018710000)]
  0x00000000168da000 JavaThread "C1 CompilerThread2" daemon [_thread_blocked, id=4632, stack(0x0000000018110000,0x0000000018210000)]
=>0x00000000168ce800 JavaThread "C2 CompilerThread1" daemon [_thread_in_native, id=4824, stack(0x0000000018010000,0x0000000018110000)]
  0x00000000168cb800 JavaThread "C2 CompilerThread0" daemon [_thread_in_native, id=4612, stack(0x0000000017f10000,0x0000000018010000)]
  0x00000000168ca000 JavaThread "Attach Listener" daemon [_thread_blocked, id=5160, stack(0x0000000017e10000,0x0000000017f10000)]
  0x00000000168c9800 JavaThread "Signal Dispatcher" daemon [_thread_blocked, id=6100, stack(0x0000000017d10000,0x0000000017e10000)]
  0x0000000002f5d000 JavaThread "Finalizer" daemon [_thread_blocked, id=6672, stack(0x0000000017b30000,0x0000000017c30000)]
  0x0000000002f52000 JavaThread "Reference Handler" daemon [_thread_blocked, id=2376, stack(0x0000000017a30000,0x0000000017b30000)]
  0x0000000002e60800 JavaThread "main" [_thread_blocked, id=8852, stack(0x0000000002cd0000,0x0000000002dd0000)]

Other Threads:
  0x0000000016895800 VMThread [stack: 0x0000000017930000,0x0000000017a30000] [id=3736]
  0x000000001692c000 WatcherThread [stack: 0x0000000018710000,0x0000000018810000] [id=8116]

VM state:not at safepoint (normal execution)

VM Mutex/Monitor currently owned by a thread: None

Heap:
 PSYoungGen      total 50688K, used 43716K [0x00000000e0000000, 0x00000000e3880000, 0x0000000100000000)
  eden space 44544K, 86% used [0x00000000e0000000,0x00000000e259c240,0x00000000e2b80000)
  from space 6144K, 84% used [0x00000000e3200000,0x00000000e3715048,0x00000000e3800000)
  to   space 6656K, 0% used [0x00000000e2b80000,0x00000000e2b80000,0x00000000e3200000)
 ParOldGen       total 31232K, used 7715K [0x00000000a0000000, 0x00000000a1e80000, 0x00000000e0000000)
  object space 31232K, 24% used [0x00000000a0000000,0x00000000a0788e90,0x00000000a1e80000)
 Metaspace       used 28832K, capacity 29292K, committed 29440K, reserved 1075200K
  class space    used 3912K, capacity 4049K, committed 4096K, reserved 1048576K

Card table byte_map: [0x0000000012320000,0x0000000012630000] byte_map_base: 0x0000000011e20000

Marking Bits: (ParMarkBitMap*) 0x0000000059b418f0
 Begin Bits: [0x0000000012c30000, 0x0000000014430000)
 End Bits:   [0x0000000014430000, 0x0000000015c30000)

Polling page: 0x0000000002c40000

CodeCache: size=245760Kb used=10127Kb max_used=10127Kb free=235632Kb
 bounds [0x0000000002f60000, 0x0000000003950000, 0x0000000011f60000]
 total_blobs=3232 nmethods=2566 adapters=579
 compilation: enabled

Compilation events (10 events):
Event: 27.909 Thread 0x00000000168da000 2774       1       com.sun.org.apache.xerces.internal.dom.DocumentImpl::setMutationEvents (6 bytes)
Event: 27.910 Thread 0x00000000168da000 nmethod 2774 0x0000000003176f10 code [0x0000000003177060, 0x0000000003177170]
Event: 27.911 Thread 0x00000000168da000 2775       1       org.gradle.internal.component.external.model.AbstractModuleComponentResolveMetadata::getId (5 bytes)
Event: 27.912 Thread 0x00000000168da000 nmethod 2775 0x0000000003176c50 code [0x0000000003176da0, 0x0000000003176eb0]
Event: 27.912 Thread 0x00000000168da000 2776       1       org.gradle.cache.internal.filelock.LockOptionsBuilder::getMode (5 bytes)
Event: 27.912 Thread 0x00000000168da000 nmethod 2776 0x0000000003176990 code [0x0000000003176ae0, 0x0000000003176bf0]
Event: 27.929 Thread 0x00000000168da000 2777       3       java.util.ArrayList::clear (39 bytes)
Event: 27.930 Thread 0x00000000168da000 nmethod 2777 0x0000000003176290 code [0x0000000003176400, 0x0000000003176770]
Event: 27.936 Thread 0x00000000168da000 2778       3       java.nio.charset.Charset::lookup (44 bytes)
Event: 27.938 Thread 0x00000000168da000 nmethod 2778 0x00000000033f9350 code [0x00000000033f9500, 0x00000000033f99e8]

GC Heap History (10 events):
Event: 14.210 GC heap before
{Heap before GC invocations=7 (full 0):
 PSYoungGen      total 21504K, used 20513K [0x00000000e0000000, 0x00000000e2c00000, 0x0000000100000000)
  eden space 15872K, 100% used [0x00000000e0000000,0x00000000e0f80000,0x00000000e0f80000)
  from space 5632K, 82% used [0x00000000e1580000,0x00000000e1a08488,0x00000000e1b00000)
  to   space 6144K, 0% used [0x00000000e0f80000,0x00000000e0f80000,0x00000000e1580000)
 ParOldGen       total 44032K, used 6638K [0x00000000a0000000, 0x00000000a2b00000, 0x00000000e0000000)
  object space 44032K, 15% used [0x00000000a0000000,0x00000000a067bb70,0x00000000a2b00000)
 Metaspace       used 20387K, capacity 20722K, committed 20864K, reserved 1067008K
  class space    used 2749K, capacity 2867K, committed 2944K, reserved 1048576K
Event: 14.267 GC heap after
Heap after GC invocations=7 (full 0):
 PSYoungGen      total 22016K, used 5500K [0x00000000e0000000, 0x00000000e2c00000, 0x0000000100000000)
  eden space 15872K, 0% used [0x00000000e0000000,0x00000000e0000000,0x00000000e0f80000)
  from space 6144K, 89% used [0x00000000e0f80000,0x00000000e14df170,0x00000000e1580000)
  to   space 6656K, 0% used [0x00000000e2580000,0x00000000e2580000,0x00000000e2c00000)
 ParOldGen       total 44032K, used 7497K [0x00000000a0000000, 0x00000000a2b00000, 0x00000000e0000000)
  object space 44032K, 17% used [0x00000000a0000000,0x00000000a07525c8,0x00000000a2b00000)
 Metaspace       used 20387K, capacity 20722K, committed 20864K, reserved 1067008K
  class space    used 2749K, capacity 2867K, committed 2944K, reserved 1048576K
}
Event: 14.549 GC heap before
{Heap before GC invocations=8 (full 0):
 PSYoungGen      total 22016K, used 10226K [0x00000000e0000000, 0x00000000e2c00000, 0x0000000100000000)
  eden space 15872K, 29% used [0x00000000e0000000,0x00000000e049d7e8,0x00000000e0f80000)
  from space 6144K, 89% used [0x00000000e0f80000,0x00000000e14df170,0x00000000e1580000)
  to   space 6656K, 0% used [0x00000000e2580000,0x00000000e2580000,0x00000000e2c00000)
 ParOldGen       total 44032K, used 7497K [0x00000000a0000000, 0x00000000a2b00000, 0x00000000e0000000)
  object space 44032K, 17% used [0x00000000a0000000,0x00000000a07525c8,0x00000000a2b00000)
 Metaspace       used 20802K, capacity 21112K, committed 21296K, reserved 1067008K
  class space    used 2766K, capacity 2869K, committed 2944K, reserved 1048576K
Event: 14.579 GC heap after
Heap after GC invocations=8 (full 0):
 PSYoungGen      total 37376K, used 4107K [0x00000000e0000000, 0x00000000e2b00000, 0x0000000100000000)
  eden space 31744K, 0% used [0x00000000e0000000,0x00000000e0000000,0x00000000e1f00000)
  from space 5632K, 72% used [0x00000000e2580000,0x00000000e2982fc0,0x00000000e2b00000)
  to   space 6144K, 0% used [0x00000000e1f00000,0x00000000e1f00000,0x00000000e2500000)
 ParOldGen       total 44032K, used 8717K [0x00000000a0000000, 0x00000000a2b00000, 0x00000000e0000000)
  object space 44032K, 19% used [0x00000000a0000000,0x00000000a0883670,0x00000000a2b00000)
 Metaspace       used 20802K, capacity 21112K, committed 21296K, reserved 1067008K
  class space    used 2766K, capacity 2869K, committed 2944K, reserved 1048576K
}
Event: 14.579 GC heap before
{Heap before GC invocations=9 (full 1):
 PSYoungGen      total 37376K, used 4107K [0x00000000e0000000, 0x00000000e2b00000, 0x0000000100000000)
  eden space 31744K, 0% used [0x00000000e0000000,0x00000000e0000000,0x00000000e1f00000)
  from space 5632K, 72% used [0x00000000e2580000,0x00000000e2982fc0,0x00000000e2b00000)
  to   space 6144K, 0% used [0x00000000e1f00000,0x00000000e1f00000,0x00000000e2500000)
 ParOldGen       total 44032K, used 8717K [0x00000000a0000000, 0x00000000a2b00000, 0x00000000e0000000)
  object space 44032K, 19% used [0x00000000a0000000,0x00000000a0883670,0x00000000a2b00000)
 Metaspace       used 20802K, capacity 21112K, committed 21296K, reserved 1067008K
  class space    used 2766K, capacity 2869K, committed 2944K, reserved 1048576K
Event: 14.763 GC heap after
Heap after GC invocations=9 (full 1):
 PSYoungGen      total 37376K, used 0K [0x00000000e0000000, 0x00000000e2b00000, 0x0000000100000000)
  eden space 31744K, 0% used [0x00000000e0000000,0x00000000e0000000,0x00000000e1f00000)
  from space 5632K, 0% used [0x00000000e2580000,0x00000000e2580000,0x00000000e2b00000)
  to   space 6144K, 0% used [0x00000000e1f00000,0x00000000e1f00000,0x00000000e2500000)
 ParOldGen       total 31232K, used 7715K [0x00000000a0000000, 0x00000000a1e80000, 0x00000000e0000000)
  object space 31232K, 24% used [0x00000000a0000000,0x00000000a0788e90,0x00000000a1e80000)
 Metaspace       used 20802K, capacity 21112K, committed 21296K, reserved 1067008K
  class space    used 2766K, capacity 2869K, committed 2944K, reserved 1048576K
}
Event: 18.581 GC heap before
{Heap before GC invocations=10 (full 1):
 PSYoungGen      total 37376K, used 31744K [0x00000000e0000000, 0x00000000e2b00000, 0x0000000100000000)
  eden space 31744K, 100% used [0x00000000e0000000,0x00000000e1f00000,0x00000000e1f00000)
  from space 5632K, 0% used [0x00000000e2580000,0x00000000e2580000,0x00000000e2b00000)
  to   space 6144K, 0% used [0x00000000e1f00000,0x00000000e1f00000,0x00000000e2500000)
 ParOldGen       total 31232K, used 7715K [0x00000000a0000000, 0x00000000a1e80000, 0x00000000e0000000)
  object space 31232K, 24% used [0x00000000a0000000,0x00000000a0788e90,0x00000000a1e80000)
 Metaspace       used 23785K, capacity 24118K, committed 24448K, reserved 1071104K
  class space    used 3202K, capacity 3330K, committed 3456K, reserved 1048576K
Event: 18.597 GC heap after
Heap after GC invocations=10 (full 1):
 PSYoungGen      total 37888K, used 4576K [0x00000000e0000000, 0x00000000e3800000, 0x0000000100000000)
  eden space 31744K, 0% used [0x00000000e0000000,0x00000000e0000000,0x00000000e1f00000)
  from space 6144K, 74% used [0x00000000e1f00000,0x00000000e2378200,0x00000000e2500000)
  to   space 6144K, 0% used [0x00000000e3200000,0x00000000e3200000,0x00000000e3800000)
 ParOldGen       total 31232K, used 7715K [0x00000000a0000000, 0x00000000a1e80000, 0x00000000e0000000)
  object space 31232K, 24% used [0x00000000a0000000,0x00000000a0788e90,0x00000000a1e80000)
 Metaspace       used 23785K, capacity 24118K, committed 24448K, reserved 1071104K
  class space    used 3202K, capacity 3330K, committed 3456K, reserved 1048576K
}
Event: 21.949 GC heap before
{Heap before GC invocations=11 (full 1):
 PSYoungGen      total 37888K, used 36320K [0x00000000e0000000, 0x00000000e3800000, 0x0000000100000000)
  eden space 31744K, 100% used [0x00000000e0000000,0x00000000e1f00000,0x00000000e1f00000)
  from space 6144K, 74% used [0x00000000e1f00000,0x00000000e2378200,0x00000000e2500000)
  to   space 6144K, 0% used [0x00000000e3200000,0x00000000e3200000,0x00000000e3800000)
 ParOldGen       total 31232K, used 7715K [0x00000000a0000000, 0x00000000a1e80000, 0x00000000e0000000)
  object space 31232K, 24% used [0x00000000a0000000,0x00000000a0788e90,0x00000000a1e80000)
 Metaspace       used 26011K, capacity 26476K, committed 26880K, reserved 1073152K
  class space    used 3576K, capacity 3729K, committed 3840K, reserved 1048576K
Event: 21.995 GC heap after
Heap after GC invocations=11 (full 1):
 PSYoungGen      total 50688K, used 5204K [0x00000000e0000000, 0x00000000e3880000, 0x0000000100000000)
  eden space 44544K, 0% used [0x00000000e0000000,0x00000000e0000000,0x00000000e2b80000)
  from space 6144K, 84% used [0x00000000e3200000,0x00000000e3715048,0x00000000e3800000)
  to   space 6656K, 0% used [0x00000000e2b80000,0x00000000e2b80000,0x00000000e3200000)
 ParOldGen       total 31232K, used 7715K [0x00000000a0000000, 0x00000000a1e80000, 0x00000000e0000000)
  object space 31232K, 24% used [0x00000000a0000000,0x00000000a0788e90,0x00000000a1e80000)
 Metaspace       used 26011K, capacity 26476K, committed 26880K, reserved 1073152K
  class space    used 3576K, capacity 3729K, committed 3840K, reserved 1048576K
}

Deoptimization events (10 events):
Event: 18.161 Thread 0x0000000019391800 Uncommon trap: reason=unstable_if action=reinterpret pc=0x000000000362ae1c method=java.net.URLClassLoader.isSealed(Ljava/lang/String;Ljava/util/jar/Manifest;)Z @ 26
Event: 18.164 Thread 0x0000000019391800 Uncommon trap: reason=unstable_if action=reinterpret pc=0x000000000360ccd4 method=java.net.URLClassLoader.isSealed(Ljava/lang/String;Ljava/util/jar/Manifest;)Z @ 26
Event: 18.974 Thread 0x0000000019391800 Uncommon trap: reason=unstable_if action=reinterpret pc=0x00000000031e6888 method=java.io.WinNTFileSystem.resolve(Ljava/lang/String;Ljava/lang/String;)Ljava/lang/String; @ 49
Event: 25.887 Thread 0x0000000019391800 Uncommon trap: reason=unstable_if action=reinterpret pc=0x00000000037fe728 method=com.sun.org.apache.xerces.internal.dom.ParentNode.nodeListGetLength()I @ 11
Event: 25.949 Thread 0x0000000019391800 Uncommon trap: reason=unstable_if action=reinterpret pc=0x00000000037d5f68 method=com.sun.org.apache.xerces.internal.dom.ParentNode.nodeListGetLength()I @ 11
Event: 27.759 Thread 0x0000000019391800 Uncommon trap: reason=unstable_if action=reinterpret pc=0x00000000038d6f78 method=com.sun.org.apache.xerces.internal.impl.XMLEntityScanner.skipSpaces()Z @ 75
Event: 27.759 Thread 0x0000000019391800 Uncommon trap: reason=unstable_if action=reinterpret pc=0x00000000038fe210 method=com.sun.org.apache.xerces.internal.impl.XMLEntityScanner.peekChar()I @ 51
Event: 27.759 Thread 0x0000000019391800 Uncommon trap: reason=unstable_if action=reinterpret pc=0x000000000388c70c method=com.sun.org.apache.xerces.internal.impl.XMLEntityScanner.scanContent(Lcom/sun/org/apache/xerces/internal/xni/XMLString;)I @ 124
Event: 27.764 Thread 0x0000000019391800 Uncommon trap: reason=unstable_if action=reinterpret pc=0x0000000003849e2c method=com.sun.org.apache.xerces.internal.impl.XMLEntityScanner.peekChar()I @ 51
Event: 27.818 Thread 0x0000000019391800 Uncommon trap: reason=unstable_if action=reinterpret pc=0x000000000385c998 method=com.sun.org.apache.xerces.internal.impl.XMLEntityScanner.skipSpaces()Z @ 75

Internal exceptions (10 events):
Event: 19.599 Thread 0x0000000019391800 Exception <a 'java/lang/ClassNotFoundException': org/gradle/api/internal/artifacts/repositories/DefaultMavenArtifactRepositoryCustomizer> (0x00000000e08e8830) thrown at [C:\src\android\AOSP-openjdk\external\jetbrains\jdk\hotspot\src\share\vm\classfile\syst|êî^³š3@
Event: 19.604 Thread 0x0000000019391800 Exception <a 'java/lang/ClassNotFoundException': org/gradle/api/internal/artifacts/repositories/DefaultMavenArtifactRepository_DecoratedCustomizer> (0x00000000e0928e30) thrown at [C:\src\android\AOSP-openjdk\external\jetbrains\jdk\hotspot\src\share\vm\clas¥à†Úº4@
Event: 20.727 Thread 0x0000000019391800 Exception <a 'java/lang/ClassNotFoundException': build_9vxakkubnob02vyhyk03nrcexBeanInfo> (0x00000000e11038a0) thrown at [C:\src\android\AOSP-openjdk\external\jetbrains\jdk\hotspot\src\share\vm\classfile\systemDictionary.cpp, line 210]
Event: 20.728 Thread 0x0000000019391800 Exception <a 'java/lang/ClassNotFoundException': org/gradle/api/internal/project/ProjectScriptBeanInfo> (0x00000000e1114ec0) thrown at [C:\src\android\AOSP-openjdk\external\jetbrains\jdk\hotspot\src\share\vm\classfile\systemDictionary.cpp, line 210]
Event: 20.733 Thread 0x0000000019391800 Exception <a 'java/lang/ClassNotFoundException': org/gradle/api/internal/project/ProjectScriptCustomizer> (0x00000000e1126920) thrown at [C:\src\android\AOSP-openjdk\external\jetbrains\jdk\hotspot\src\share\vm\classfile\systemDictionary.cpp, line 210]
Event: 20.737 Thread 0x0000000019391800 Exception <a 'java/lang/ClassNotFoundException': build_9vxakkubnob02vyhyk03nrcexCustomizer> (0x00000000e1146088) thrown at [C:\src\android\AOSP-openjdk\external\jetbrains\jdk\hotspot\src\share\vm\classfile\systemDictionary.cpp, line 210]
Event: 21.752 Thread 0x0000000019391800 Exception <a 'java/lang/ClassNotFoundException': org/gradle/api/internal/artifacts/dsl/dependencies/DefaultDependencyHandler_DecoratedBeanInfo> (0x00000000e1d44ad8) thrown at [C:\src\android\AOSP-openjdk\external\jetbrains\jdk\hotspot\src\share\vm\classfil›dà"Á5@
Event: 21.754 Thread 0x0000000019391800 Exception <a 'java/lang/ClassNotFoundException': org/gradle/api/internal/artifacts/dsl/dependencies/DefaultDependencyHandlerBeanInfo> (0x00000000e1d72d80) thrown at [C:\src\android\AOSP-openjdk\external\jetbrains\jdk\hotspot\src\share\vm\classfile\systemDi
Event: 21.756 Thread 0x0000000019391800 Exception <a 'java/lang/ClassNotFoundException': org/gradle/api/internal/artifacts/dsl/dependencies/DefaultDependencyHandlerCustomizer> (0x00000000e1da1568) thrown at [C:\src\android\AOSP-openjdk\external\jetbrains\jdk\hotspot\src\share\vm\classfile\systemÑÅjÂ5@
Event: 21.759 Thread 0x0000000019391800 Exception <a 'java/lang/ClassNotFoundException': org/gradle/api/internal/artifacts/dsl/dependencies/DefaultDependencyHandler_DecoratedCustomizer> (0x00000000e1de3898) thrown at [C:\src\android\AOSP-openjdk\external\jetbrains\jdk\hotspot\src\share\vm\classf‡`N™3@

Events (10 events):
Event: 27.759 Thread 0x0000000019391800 DEOPT UNPACKING pc=0x0000000002fa556a sp=0x000000001c13b340 mode 2
Event: 27.759 Thread 0x0000000019391800 Uncommon trap: trap_request=0xffffff65 fr.pc=0x000000000388c70c
Event: 27.759 Thread 0x0000000019391800 DEOPT PACKING pc=0x000000000388c70c sp=0x000000001c13b360
Event: 27.764 Thread 0x0000000019391800 DEOPT UNPACKING pc=0x0000000002fa556a sp=0x000000001c13b310 mode 2
Event: 27.764 Thread 0x0000000019391800 Uncommon trap: trap_request=0xffffff65 fr.pc=0x0000000003849e2c
Event: 27.764 Thread 0x0000000019391800 DEOPT PACKING pc=0x0000000003849e2c sp=0x000000001c13b3a0
Event: 27.764 Thread 0x0000000019391800 DEOPT UNPACKING pc=0x0000000002fa556a sp=0x000000001c13b338 mode 2
Event: 27.818 Thread 0x0000000019391800 Uncommon trap: trap_request=0xffffff65 fr.pc=0x000000000385c998
Event: 27.818 Thread 0x0000000019391800 DEOPT PACKING pc=0x000000000385c998 sp=0x000000001c13b3a0
Event: 27.818 Thread 0x0000000019391800 DEOPT UNPACKING pc=0x0000000002fa556a sp=0x000000001c13b330 mode 2


Dynamic libraries:
0x00007ff68bee0000 - 0x00007ff68bf11000 	C:\Program Files\Android\Android Studio\jre\bin\java.exe
0x00007ffcc4650000 - 0x00007ffcc4821000 	C:\WINDOWS\SYSTEM32\ntdll.dll
0x00007ffcc44f0000 - 0x00007ffcc459c000 	C:\WINDOWS\System32\KERNEL32.DLL
0x00007ffcc0d90000 - 0x00007ffcc0fad000 	C:\WINDOWS\System32\KERNELBASE.dll
0x00007ffcc45a0000 - 0x00007ffcc4642000 	C:\WINDOWS\System32\ADVAPI32.dll
0x00007ffcc4450000 - 0x00007ffcc44ee000 	C:\WINDOWS\System32\msvcrt.dll
0x00007ffcc1c70000 - 0x00007ffcc1cc9000 	C:\WINDOWS\System32\sechost.dll
0x00007ffcc39d0000 - 0x00007ffcc3af1000 	C:\WINDOWS\System32\RPCRT4.dll
0x00007ffcc4270000 - 0x00007ffcc43d5000 	C:\WINDOWS\System32\USER32.dll
0x00007ffcc1bc0000 - 0x00007ffcc1bde000 	C:\WINDOWS\System32\win32u.dll
0x00007ffcc1eb0000 - 0x00007ffcc1ee4000 	C:\WINDOWS\System32\GDI32.dll
0x00007ffcc0c10000 - 0x00007ffcc0d90000 	C:\WINDOWS\System32\gdi32full.dll
0x00007ffcb9090000 - 0x00007ffcb930a000 	C:\WINDOWS\WinSxS\amd64_microsoft.windows.common-controls_6595b64144ccf1df_6.0.14393.953_none_42151e83c686086b\COMCTL32.dll
0x00007ffcc3b70000 - 0x00007ffcc3e38000 	C:\WINDOWS\System32\combase.dll
0x00007ffcc1ac0000 - 0x00007ffcc1bb5000 	C:\WINDOWS\System32\ucrtbase.dll
0x00007ffcc0ba0000 - 0x00007ffcc0c0a000 	C:\WINDOWS\System32\bcryptPrimitives.dll
0x00007ffcc1be0000 - 0x00007ffcc1c0e000 	C:\WINDOWS\System32\IMM32.DLL
0x00000000591c0000 - 0x0000000059292000 	C:\Program Files\Android\Android Studio\jre\jre\bin\msvcr100.dll
0x0000000059380000 - 0x0000000059bbc000 	C:\Program Files\Android\Android Studio\jre\jre\bin\server\jvm.dll
0x00007ffcc1f50000 - 0x00007ffcc1f58000 	C:\WINDOWS\System32\PSAPI.DLL
0x00007ffcbaf70000 - 0x00007ffcbaf7a000 	C:\WINDOWS\SYSTEM32\VERSION.dll
0x00007ffcbca10000 - 0x00007ffcbca19000 	C:\WINDOWS\SYSTEM32\WSOCK32.dll
0x00007ffcbec30000 - 0x00007ffcbec53000 	C:\WINDOWS\SYSTEM32\WINMM.dll
0x00007ffcc43e0000 - 0x00007ffcc444a000 	C:\WINDOWS\System32\WS2_32.dll
0x00007ffcbebc0000 - 0x00007ffcbebeb000 	C:\WINDOWS\SYSTEM32\WINMMBASE.dll
0x00007ffcc0b50000 - 0x00007ffcc0b92000 	C:\WINDOWS\System32\cfgmgr32.dll
0x00007ffcbc900000 - 0x00007ffcbc90f000 	C:\Program Files\Android\Android Studio\jre\jre\bin\verify.dll
0x00007ffcbbd60000 - 0x00007ffcbbd89000 	C:\Program Files\Android\Android Studio\jre\jre\bin\java.dll
0x00007ffcbbd10000 - 0x00007ffcbbd26000 	C:\Program Files\Android\Android Studio\jre\jre\bin\zip.dll
0x00007ffcc24c0000 - 0x00007ffcc39c8000 	C:\WINDOWS\System32\SHELL32.dll
0x00007ffcc1330000 - 0x00007ffcc1a0a000 	C:\WINDOWS\System32\windows.storage.dll
0x00007ffcc0ae0000 - 0x00007ffcc0b2c000 	C:\WINDOWS\System32\powrprof.dll
0x00007ffcc1ef0000 - 0x00007ffcc1f42000 	C:\WINDOWS\System32\shlwapi.dll
0x00007ffcc0b30000 - 0x00007ffcc0b3f000 	C:\WINDOWS\System32\kernel.appcore.dll
0x00007ffcc1a10000 - 0x00007ffcc1ab9000 	C:\WINDOWS\System32\shcore.dll
0x00007ffcc0ac0000 - 0x00007ffcc0ad4000 	C:\WINDOWS\System32\profapi.dll
0x00007ffcad570000 - 0x00007ffcad58a000 	C:\Program Files\Android\Android Studio\jre\jre\bin\net.dll
0x00007ffcc0390000 - 0x00007ffcc03ec000 	C:\WINDOWS\system32\mswsock.dll
0x00007ffcac370000 - 0x00007ffcac381000 	C:\Program Files\Android\Android Studio\jre\jre\bin\nio.dll
0x00007ffcb3c60000 - 0x00007ffcb3c7e000 	C:\Users\DELL\.gradle\native\23\windows-amd64\native-platform.dll
0x00007ffcc0540000 - 0x00007ffcc0557000 	C:\WINDOWS\SYSTEM32\CRYPTSP.dll
0x00007ffcbff90000 - 0x00007ffcbffc3000 	C:\WINDOWS\system32\rsaenh.dll
0x00007ffcc0a00000 - 0x00007ffcc0a2b000 	C:\WINDOWS\SYSTEM32\bcrypt.dll
0x00007ffcc0210000 - 0x00007ffcc022f000 	C:\WINDOWS\SYSTEM32\USERENV.dll
0x00007ffcc0530000 - 0x00007ffcc053b000 	C:\WINDOWS\SYSTEM32\CRYPTBASE.dll
0x00007ffcc0110000 - 0x00007ffcc0148000 	C:\WINDOWS\SYSTEM32\IPHLPAPI.DLL
0x00007ffcc2290000 - 0x00007ffcc2298000 	C:\WINDOWS\System32\NSI.dll
0x00007ffcbb810000 - 0x00007ffcbb826000 	C:\WINDOWS\SYSTEM32\dhcpcsvc6.DLL
0x00007ffcbb7a0000 - 0x00007ffcbb7ba000 	C:\WINDOWS\SYSTEM32\dhcpcsvc.DLL
0x00007ffcad820000 - 0x00007ffcad82d000 	C:\Program Files\Android\Android Studio\jre\jre\bin\management.dll
0x00007ffcb3ed0000 - 0x00007ffcb4062000 	C:\WINDOWS\SYSTEM32\dbghelp.dll

VM Arguments:
jvm_args: -Xmx1536m -Dfile.encoding=windows-1254 -Duser.country=TR -Duser.language=tr -Duser.variant 
java_command: org.gradle.launcher.daemon.bootstrap.GradleDaemon 3.3
java_class_path (initial): C:\Users\DELL\.gradle\wrapper\dists\gradle-3.3-all\55gk2rcmfc6p2dg9u9ohc3hw9\gradle-3.3\lib\gradle-launcher-3.3.jar
Launcher Type: SUN_STANDARD

Environment Variables:
PATH=C:\ProgramData\Oracle\Java\javapath;C:\Windows\system32;C:\Windows;C:\Windows\System32\Wbem;C:\Windows\System32\WindowsPowerShell\v1.0\;C:\Program Files (x86)\NVIDIA Corporation\PhysX\Common;C:\WINDOWS\system32;C:\WINDOWS;C:\WINDOWS\System32\Wbem;C:\WINDOWS\System32\WindowsPowerShell\v1.0\;C:\WINDOWS\system32\config\systemprofile\.dnx\bin;C:\Program Files\Microsoft DNX\Dnvm\;C:\Program Files (x86)\Skype\Phone\;C:\Program Files\PuTTY\;C:\Program Files\Git\cmd;C:\Users\DELL\AppData\Local\Microsoft\WindowsApps;
USERNAME=DELL
OS=Windows_NT
PROCESSOR_IDENTIFIER=Intel64 Family 6 Model 42 Stepping 7, GenuineIntel



---------------  S Y S T E M  ---------------

OS: Windows 10.0 , 64 bit Build 14393 (10.0.14393.1198)

CPU:total 4 (2 cores per cpu, 2 threads per core) family 6 model 42 stepping 7, cmov, cx8, fxsr, mmx, sse, sse2, sse3, ssse3, sse4.1, sse4.2, popcnt, avx, aes, clmul, ht, tsc, tscinvbit

Memory: 4k page, physical 4098092k(1049036k free), swap 5670956k(1702404k free)

vm_info: OpenJDK 64-Bit Server VM (25.112-b06) for windows-amd64 JRE (1.8.0_112-release-b06), built on Dec  8 2016 00:54:26 by "builder" with MS VC++ 10.0 (VS2010)

time: Sun Jul 02 00:15:18 2017
elapsed time: 28 seconds (0d 0h 0m 28s)

