#
# A fatal error has been detected by the Java Runtime Environment:
#
#  EXCEPTION_ACCESS_VIOLATION (0xc0000005) at pc=0x00000000598572cd, pid=6912, tid=0x00000000000022bc
#
# JRE version: OpenJDK Runtime Environment (8.0_112-b06) (build 1.8.0_112-release-b06)
# Java VM: OpenJDK 64-Bit Server VM (25.112-b06 mixed mode windows-amd64 compressed oops)
# Problematic frame:
# V  [jvm.dll+0x4d72cd]
#
# Failed to write core dump. Minidumps are not enabled by default on client versions of Windows
#
# If you would like to submit a bug report, please visit:
#   http://bugreport.java.com/bugreport/crash.jsp
#

---------------  T H R E A D  ---------------

Current thread (0x00000000164f0800):  JavaThread "C2 CompilerThread1" daemon [_thread_in_native, id=8892, stack(0x0000000017c40000,0x0000000017d40000)]

siginfo: ExceptionCode=0xc0000005, reading address 0xffffffffffffffff

Registers:
RAX=0x000000001b73f9a0, RBX=0x0000000000005ad4, RCX=0x4000000000000000, RDX=0x0000000017d3ea68
RSP=0x0000000017d3ba40, RBP=0x0000000017d3bab9, RSI=0x0000000017d3c6c0, RDI=0x000000000002d6a0
R8 =0x00000000599b6198, R9 =0x0000000000000000, R10=0x0000000000003fff, R11=0x00000000599b6198
R12=0x0000000016537790, R13=0x0000000000000011, R14=0x00000000000026d1, R15=0x00000000193fff78
RIP=0x00000000598572cd, EFLAGS=0x0000000000010206

Top of Stack: (sp=0x0000000017d3ba40)
0x0000000017d3ba40:   0000000000004d5e 0000000017d3c6c0
0x0000000017d3ba50:   000000001f326d80 000000007fffffff
0x0000000017d3ba60:   0000000017d3c6c0 00000000597bb596
0x0000000017d3ba70:   0000000017d3bab9 00000000000026d0
0x0000000017d3ba80:   0000000017d3e800 000000001e932c28
0x0000000017d3ba90:   00000000164b4c10 0000000000004000
0x0000000017d3baa0:   000000001f9d8e10 00000000000026d1
0x0000000017d3bab0:   00000000599b4a28 00000000164b4c10
0x0000000017d3bac0:   0000000000000400 00000000193fde70
0x0000000017d3bad0:   0000000000000000 0000000059857fda
0x0000000017d3bae0:   00000000193fff78 0000000017d3e800
0x0000000017d3baf0:   00000000193f7f90 0000000017d3e800
0x0000000017d3bb00:   00000000193fd5c0 00000000164b4c10
0x0000000017d3bb10:   0000000017d3bc20 00000000597be4f7
0x0000000017d3bb20:   0000000000050248 0000000017d3c6c0
0x0000000017d3bb30:   0000000000000011 0000000017d3e800 

Instructions: (pc=0x00000000598572cd)
0x00000000598572ad:   30 4c 89 64 24 40 8b fb 66 66 66 0f 1f 84 00 00
0x00000000598572bd:   00 00 00 48 8b 46 50 48 8b 0c 07 48 85 c9 74 21
0x00000000598572cd:   48 8b 01 ff 50 68 4c 8b e0 3b 5e 48 72 0b 48 8d
0x00000000598572dd:   4e 40 8b d3 e8 2a e8 ff ff 48 8b 4e 50 4c 89 24 


Register to memory mapping:

RAX=0x000000001b73f9a0 is an unknown value
RBX=0x0000000000005ad4 is an unknown value
RCX=0x4000000000000000 is an unknown value
RDX=0x0000000017d3ea68 is pointing into the stack for thread: 0x00000000164f0800
RSP=0x0000000017d3ba40 is pointing into the stack for thread: 0x00000000164f0800
RBP=0x0000000017d3bab9 is pointing into the stack for thread: 0x00000000164f0800
RSI=0x0000000017d3c6c0 is pointing into the stack for thread: 0x00000000164f0800
RDI=0x000000000002d6a0 is an unknown value
R8 =0x00000000599b6198 is an unknown value
R9 =0x0000000000000000 is an unknown value
R10=0x0000000000003fff is an unknown value
R11=0x00000000599b6198 is an unknown value
R12=0x0000000016537790 is an unknown value
R13=0x0000000000000011 is an unknown value
R14=0x00000000000026d1 is an unknown value
R15=0x00000000193fff78 is an unknown value


Stack: [0x0000000017c40000,0x0000000017d40000],  sp=0x0000000017d3ba40,  free space=1006k
Native frames: (J=compiled Java code, j=interpreted, Vv=VM code, C=native code)
V  [jvm.dll+0x4d72cd]
V  [jvm.dll+0x43b596]
V  [jvm.dll+0x43e4f7]
V  [jvm.dll+0x43fef2]
V  [jvm.dll+0x423242]
V  [jvm.dll+0x80b29]
V  [jvm.dll+0x8145f]
V  [jvm.dll+0x21be7f]
V  [jvm.dll+0x26c13a]
C  [msvcr100.dll+0x21d9f]
C  [msvcr100.dll+0x21e3b]
C  [KERNEL32.DLL+0x8364]
C  [ntdll.dll+0x670d1]


Current CompileTask:
C2:3824122 22599       4       java.beans.MethodRef::get (92 bytes)


---------------  P R O C E S S  ---------------

Java Threads: ( => current thread )
  0x000000001d0c6800 JavaThread "Stdin handler" [_thread_blocked, id=5724, stack(0x0000000038850000,0x0000000038950000)]
  0x000000001d0c2800 JavaThread "Asynchronous log dispatcher for DefaultDaemonConnection: socket connection from /127.0.0.1:49828 to /127.0.0.1:51014" [_thread_blocked, id=7548, stack(0x0000000038750000,0x0000000038850000)]
  0x000000001d0c2000 JavaThread "Daemon worker Thread 13" [_thread_in_native, id=3880, stack(0x0000000038650000,0x0000000038750000)]
  0x000000001d0c1000 JavaThread "Cancel handler" [_thread_blocked, id=8472, stack(0x0000000038550000,0x0000000038650000)]
  0x000000001d0c5800 JavaThread "Handler for socket connection from /127.0.0.1:49828 to /127.0.0.1:51014" [_thread_in_native, id=7288, stack(0x0000000038450000,0x0000000038550000)]
  0x000000001d0c5000 JavaThread "Daemon Thread 13" [_thread_blocked, id=8004, stack(0x0000000038350000,0x0000000038450000)]
  0x000000001d0cc800 JavaThread "pool-14-thread-4" [_thread_blocked, id=3960, stack(0x0000000026950000,0x0000000026a50000)]
  0x000000001d0ce800 JavaThread "pool-14-thread-3" [_thread_blocked, id=7976, stack(0x0000000026850000,0x0000000026950000)]
  0x000000001d0c3800 JavaThread "pool-14-thread-2" [_thread_blocked, id=4296, stack(0x0000000026750000,0x0000000026850000)]
  0x000000001d0ca000 JavaThread "pool-14-thread-1" [_thread_blocked, id=1472, stack(0x0000000026650000,0x0000000026750000)]
  0x000000001e00e000 JavaThread "pool-2-thread-1" [_thread_blocked, id=6668, stack(0x0000000020220000,0x0000000020320000)]
  0x00000000195a5000 JavaThread "File lock request listener" [_thread_in_native, id=7916, stack(0x000000001c100000,0x000000001c200000)]
  0x0000000019443800 JavaThread "pool-1-thread-1" [_thread_blocked, id=7996, stack(0x000000001aa30000,0x000000001ab30000)]
  0x000000001951f800 JavaThread "Incoming local TCP Connector on port 49828" [_thread_in_native, id=3184, stack(0x000000001a150000,0x000000001a250000)]
  0x0000000017e70800 JavaThread "Service Thread" daemon [_thread_blocked, id=6692, stack(0x0000000018240000,0x0000000018340000)]
  0x00000000164ff000 JavaThread "C1 CompilerThread2" daemon [_thread_blocked, id=6664, stack(0x0000000017d40000,0x0000000017e40000)]
=>0x00000000164f0800 JavaThread "C2 CompilerThread1" daemon [_thread_in_native, id=8892, stack(0x0000000017c40000,0x0000000017d40000)]
  0x00000000164ed800 JavaThread "C2 CompilerThread0" daemon [_thread_in_native, id=8944, stack(0x0000000017b40000,0x0000000017c40000)]
  0x00000000164eb800 JavaThread "Attach Listener" daemon [_thread_blocked, id=6156, stack(0x0000000017a40000,0x0000000017b40000)]
  0x00000000164ea800 JavaThread "Signal Dispatcher" daemon [_thread_blocked, id=8960, stack(0x0000000017940000,0x0000000017a40000)]
  0x0000000002b7b000 JavaThread "Finalizer" daemon [_thread_blocked, id=8928, stack(0x0000000017760000,0x0000000017860000)]
  0x0000000002b70000 JavaThread "Reference Handler" daemon [_thread_blocked, id=1296, stack(0x0000000017660000,0x0000000017760000)]
  0x0000000002a80800 JavaThread "main" [_thread_blocked, id=8632, stack(0x0000000002980000,0x0000000002a80000)]

Other Threads:
  0x00000000164b5800 VMThread [stack: 0x0000000017560000,0x0000000017660000] [id=8920]
  0x000000001654c800 WatcherThread [stack: 0x0000000018340000,0x0000000018440000] [id=6696]

VM state:not at safepoint (normal execution)

VM Mutex/Monitor currently owned by a thread: None

Heap:
 PSYoungGen      total 425984K, used 121343K [0x00000000e0000000, 0x00000000ff780000, 0x0000000100000000)
  eden space 348672K, 23% used [0x00000000e0000000,0x00000000e5028030,0x00000000f5480000)
  from space 77312K, 50% used [0x00000000fac00000,0x00000000fd257d98,0x00000000ff780000)
  to   space 83456K, 0% used [0x00000000f5480000,0x00000000f5480000,0x00000000fa600000)
 ParOldGen       total 229376K, used 183861K [0x00000000a0000000, 0x00000000ae000000, 0x00000000e0000000)
  object space 229376K, 80% used [0x00000000a0000000,0x00000000ab38d6d8,0x00000000ae000000)
 Metaspace       used 79754K, capacity 85606K, committed 85720K, reserved 1124352K
  class space    used 10151K, capacity 10966K, committed 10968K, reserved 1048576K

Card table byte_map: [0x0000000011f40000,0x0000000012250000] byte_map_base: 0x0000000011a40000

Marking Bits: (ParMarkBitMap*) 0x0000000059b418f0
 Begin Bits: [0x0000000012850000, 0x0000000014050000)
 End Bits:   [0x0000000014050000, 0x0000000015850000)

Polling page: 0x0000000001180000

CodeCache: size=245760Kb used=63388Kb max_used=63843Kb free=182371Kb
 bounds [0x0000000002b80000, 0x0000000006a50000, 0x0000000011b80000]
 total_blobs=17672 nmethods=16847 adapters=736
 compilation: enabled

Compilation events (10 events):
Event: 3822.540 Thread 0x00000000164ff000 22626       3       org.jetbrains.plugins.gradle.tooling.builder.ModelBuildScriptClasspathBuilderImpl::pathSet (54 bytes)
Event: 3822.543 Thread 0x00000000164ff000 nmethod 22626 0x0000000003212cd0 code [0x0000000003212ee0, 0x0000000003213a38]
Event: 3822.543 Thread 0x00000000164ff000 22625       3       org.jetbrains.plugins.gradle.tooling.builder.ModelBuildScriptClasspathBuilderImpl::pathSet (8 bytes)
Event: 3822.545 Thread 0x00000000164ff000 nmethod 22625 0x0000000005869410 code [0x00000000058695c0, 0x0000000005869ab8]
Event: 3822.557 Thread 0x00000000164ff000 22627   !   3       sun.misc.ProxyGenerator::generateClassFile (680 bytes)
Event: 3822.589 Thread 0x00000000164ff000 nmethod 22627 0x0000000006643a90 code [0x0000000006644580, 0x000000000664b918]
Event: 3822.589 Thread 0x00000000164ff000 22628       3       org.gradle.api.internal.project.DefaultProject_Decorated::getProjectRegistry (31 bytes)
Event: 3822.591 Thread 0x00000000164ff000 nmethod 22628 0x0000000003759950 code [0x0000000003759ae0, 0x0000000003759fa8]
Event: 3822.591 Thread 0x00000000164ff000 22629       1       org.gradle.tooling.internal.adapter.MethodInvocation::found (5 bytes)
Event: 3822.592 Thread 0x00000000164ff000 nmethod 22629 0x0000000004ccf3d0 code [0x0000000004ccf520, 0x0000000004ccf630]

GC Heap History (10 events):
Event: 2891.673 GC heap before
{Heap before GC invocations=48 (full 6):
 PSYoungGen      total 462336K, used 413737K [0x00000000e0000000, 0x00000000ffe00000, 0x0000000100000000)
  eden space 403456K, 100% used [0x00000000e0000000,0x00000000f8a00000,0x00000000f8a00000)
  from space 58880K, 17% used [0x00000000f8a00000,0x00000000f940a720,0x00000000fc380000)
  to   space 56832K, 0% used [0x00000000fc680000,0x00000000fc680000,0x00000000ffe00000)
 ParOldGen       total 229376K, used 143614K [0x00000000a0000000, 0x00000000ae000000, 0x00000000e0000000)
  object space 229376K, 62% used [0x00000000a0000000,0x00000000a8c3fb20,0x00000000ae000000)
 Metaspace       used 74428K, capacity 78622K, committed 78936K, reserved 1118208K
  class space    used 9302K, capacity 9930K, committed 10072K, reserved 1048576K
Event: 2891.854 GC heap after
Heap after GC invocations=48 (full 6):
 PSYoungGen      total 461312K, used 8921K [0x00000000e0000000, 0x00000000ffa00000, 0x0000000100000000)
  eden space 408576K, 0% used [0x00000000e0000000,0x00000000e0000000,0x00000000f8f00000)
  from space 52736K, 16% used [0x00000000fc680000,0x00000000fcf36718,0x00000000ffa00000)
  to   space 54784K, 0% used [0x00000000f8f00000,0x00000000f8f00000,0x00000000fc480000)
 ParOldGen       total 229376K, used 143622K [0x00000000a0000000, 0x00000000ae000000, 0x00000000e0000000)
  object space 229376K, 62% used [0x00000000a0000000,0x00000000a8c41b20,0x00000000ae000000)
 Metaspace       used 74428K, capacity 78622K, committed 78936K, reserved 1118208K
  class space    used 9302K, capacity 9930K, committed 10072K, reserved 1048576K
}
Event: 2902.517 GC heap before
{Heap before GC invocations=49 (full 6):
 PSYoungGen      total 461312K, used 417497K [0x00000000e0000000, 0x00000000ffa00000, 0x0000000100000000)
  eden space 408576K, 100% used [0x00000000e0000000,0x00000000f8f00000,0x00000000f8f00000)
  from space 52736K, 16% used [0x00000000fc680000,0x00000000fcf36718,0x00000000ffa00000)
  to   space 54784K, 0% used [0x00000000f8f00000,0x00000000f8f00000,0x00000000fc480000)
 ParOldGen       total 229376K, used 143622K [0x00000000a0000000, 0x00000000ae000000, 0x00000000e0000000)
  object space 229376K, 62% used [0x00000000a0000000,0x00000000a8c41b20,0x00000000ae000000)
 Metaspace       used 74458K, capacity 78622K, committed 78936K, reserved 1118208K
  class space    used 9302K, capacity 9930K, committed 10072K, reserved 1048576K
Event: 2902.859 GC heap after
Heap after GC invocations=49 (full 6):
 PSYoungGen      total 462336K, used 53621K [0x00000000e0000000, 0x0000000100000000, 0x0000000100000000)
  eden space 408576K, 0% used [0x00000000e0000000,0x00000000e0000000,0x00000000f8f00000)
  from space 53760K, 99% used [0x00000000f8f00000,0x00000000fc35d480,0x00000000fc380000)
  to   space 61952K, 0% used [0x00000000fc380000,0x00000000fc380000,0x0000000100000000)
 ParOldGen       total 229376K, used 143630K [0x00000000a0000000, 0x00000000ae000000, 0x00000000e0000000)
  object space 229376K, 62% used [0x00000000a0000000,0x00000000a8c43b20,0x00000000ae000000)
 Metaspace       used 74458K, capacity 78622K, committed 78936K, reserved 1118208K
  class space    used 9302K, capacity 9930K, committed 10072K, reserved 1048576K
}
Event: 2909.063 GC heap before
{Heap before GC invocations=50 (full 6):
 PSYoungGen      total 462336K, used 462197K [0x00000000e0000000, 0x0000000100000000, 0x0000000100000000)
  eden space 408576K, 100% used [0x00000000e0000000,0x00000000f8f00000,0x00000000f8f00000)
  from space 53760K, 99% used [0x00000000f8f00000,0x00000000fc35d480,0x00000000fc380000)
  to   space 61952K, 0% used [0x00000000fc380000,0x00000000fc380000,0x0000000100000000)
 ParOldGen       total 229376K, used 143630K [0x00000000a0000000, 0x00000000ae000000, 0x00000000e0000000)
  object space 229376K, 62% used [0x00000000a0000000,0x00000000a8c43b20,0x00000000ae000000)
 Metaspace       used 74458K, capacity 78622K, committed 78936K, reserved 1118208K
  class space    used 9302K, capacity 9930K, committed 10072K, reserved 1048576K
Event: 2909.566 GC heap after
Heap after GC invocations=50 (full 6):
 PSYoungGen      total 407040K, used 61930K [0x00000000e0000000, 0x0000000100000000, 0x0000000100000000)
  eden space 345088K, 0% used [0x00000000e0000000,0x00000000e0000000,0x00000000f5100000)
  from space 61952K, 99% used [0x00000000fc380000,0x00000000ffffaac8,0x0000000100000000)
  to   space 89600K, 0% used [0x00000000f5100000,0x00000000f5100000,0x00000000fa880000)
 ParOldGen       total 229376K, used 183053K [0x00000000a0000000, 0x00000000ae000000, 0x00000000e0000000)
  object space 229376K, 79% used [0x00000000a0000000,0x00000000ab2c3698,0x00000000ae000000)
 Metaspace       used 74458K, capacity 78622K, committed 78936K, reserved 1118208K
  class space    used 9302K, capacity 9930K, committed 10072K, reserved 1048576K
}
Event: 3170.668 GC heap before
{Heap before GC invocations=51 (full 6):
 PSYoungGen      total 407040K, used 407018K [0x00000000e0000000, 0x0000000100000000, 0x0000000100000000)
  eden space 345088K, 100% used [0x00000000e0000000,0x00000000f5100000,0x00000000f5100000)
  from space 61952K, 99% used [0x00000000fc380000,0x00000000ffffaac8,0x0000000100000000)
  to   space 89600K, 0% used [0x00000000f5100000,0x00000000f5100000,0x00000000fa880000)
 ParOldGen       total 229376K, used 183053K [0x00000000a0000000, 0x00000000ae000000, 0x00000000e0000000)
  object space 229376K, 79% used [0x00000000a0000000,0x00000000ab2c3698,0x00000000ae000000)
 Metaspace       used 75245K, capacity 80518K, committed 80728K, reserved 1120256K
  class space    used 9461K, capacity 10218K, committed 10328K, reserved 1048576K
Event: 3171.425 GC heap after
Heap after GC invocations=51 (full 6):
 PSYoungGen      total 434688K, used 36145K [0x00000000e0000000, 0x0000000100000000, 0x0000000100000000)
  eden space 345088K, 0% used [0x00000000e0000000,0x00000000e0000000,0x00000000f5100000)
  from space 89600K, 40% used [0x00000000f5100000,0x00000000f744c5d8,0x00000000fa880000)
  to   space 86016K, 0% used [0x00000000fac00000,0x00000000fac00000,0x0000000100000000)
 ParOldGen       total 229376K, used 183853K [0x00000000a0000000, 0x00000000ae000000, 0x00000000e0000000)
  object space 229376K, 80% used [0x00000000a0000000,0x00000000ab38b6d8,0x00000000ae000000)
 Metaspace       used 75245K, capacity 80518K, committed 80728K, reserved 1120256K
  class space    used 9461K, capacity 10218K, committed 10328K, reserved 1048576K
}
Event: 3817.827 GC heap before
{Heap before GC invocations=52 (full 6):
 PSYoungGen      total 434688K, used 381233K [0x00000000e0000000, 0x0000000100000000, 0x0000000100000000)
  eden space 345088K, 100% used [0x00000000e0000000,0x00000000f5100000,0x00000000f5100000)
  from space 89600K, 40% used [0x00000000f5100000,0x00000000f744c5d8,0x00000000fa880000)
  to   space 86016K, 0% used [0x00000000fac00000,0x00000000fac00000,0x0000000100000000)
 ParOldGen       total 229376K, used 183853K [0x00000000a0000000, 0x00000000ae000000, 0x00000000e0000000)
  object space 229376K, 80% used [0x00000000a0000000,0x00000000ab38b6d8,0x00000000ae000000)
 Metaspace       used 78589K, capacity 84156K, committed 84440K, reserved 1122304K
  class space    used 9898K, capacity 10646K, committed 10712K, reserved 1048576K
Event: 3818.563 GC heap after
Heap after GC invocations=52 (full 6):
 PSYoungGen      total 425984K, used 39263K [0x00000000e0000000, 0x00000000ff780000, 0x0000000100000000)
  eden space 348672K, 0% used [0x00000000e0000000,0x00000000e0000000,0x00000000f5480000)
  from space 77312K, 50% used [0x00000000fac00000,0x00000000fd257d98,0x00000000ff780000)
  to   space 83456K, 0% used [0x00000000f5480000,0x00000000f5480000,0x00000000fa600000)
 ParOldGen       total 229376K, used 183861K [0x00000000a0000000, 0x00000000ae000000, 0x00000000e0000000)
  object space 229376K, 80% used [0x00000000a0000000,0x00000000ab38d6d8,0x00000000ae000000)
 Metaspace       used 78589K, capacity 84156K, committed 84440K, reserved 1122304K
  class space    used 9898K, capacity 10646K, committed 10712K, reserved 1048576K
}

Deoptimization events (10 events):
Event: 3817.622 Thread 0x000000001d0c2000 Uncommon trap: reason=class_check action=maybe_recompile pc=0x000000000691f974 method=java.util.zip.InflaterInputStream.fill()V @ 19
Event: 3817.630 Thread 0x000000001d0c2000 Uncommon trap: reason=predicate action=maybe_recompile pc=0x00000000042ac200 method=java.util.LinkedList.remove(Ljava/lang/Object;)Z @ 48
Event: 3817.821 Thread 0x000000001d0c2000 Uncommon trap: reason=class_check action=maybe_recompile pc=0x000000000691f974 method=java.util.zip.InflaterInputStream.fill()V @ 19
Event: 3818.566 Thread 0x0000000002b7b000 Uncommon trap: reason=unstable_if action=reinterpret pc=0x0000000003d42fc4 method=java.util.WeakHashMap.remove(Ljava/lang/Object;)Ljava/lang/Object; @ 67
Event: 3819.010 Thread 0x000000001d0c2000 Uncommon trap: reason=null_check action=make_not_entrant pc=0x0000000005f19bf0 method=java.lang.ThreadLocal$ThreadLocalMap.set(Ljava/lang/ThreadLocal;Ljava/lang/Object;)V @ 36
Event: 3819.920 Thread 0x000000001d0c2000 Uncommon trap: reason=unstable_if action=reinterpret pc=0x00000000046ca14c method=java.lang.ref.SoftReference.get()Ljava/lang/Object; @ 6
Event: 3819.971 Thread 0x000000001d0c2000 Uncommon trap: reason=null_check action=make_not_entrant pc=0x0000000004959934 method=java.lang.Class.reflectionData()Ljava/lang/Class$ReflectionData; @ 24
Event: 3820.253 Thread 0x000000001d0c2000 Uncommon trap: reason=predicate action=maybe_recompile pc=0x00000000060febac method=org.gradle.internal.serialize.AbstractCollectionSerializer.readValues(Lorg/gradle/internal/serialize/Decoder;Ljava/util/Collection;)V @ 16
Event: 3820.544 Thread 0x000000001d0c2000 Uncommon trap: reason=unstable_if action=reinterpret pc=0x00000000046f8b1c method=java.lang.ref.SoftReference.get()Ljava/lang/Object; @ 6
Event: 3822.554 Thread 0x000000001d0c2000 Uncommon trap: reason=unstable_if action=reinterpret pc=0x000000000470a2b8 method=java.lang.ref.SoftReference.get()Ljava/lang/Object; @ 6

Internal exceptions (10 events):
Event: 3822.209 Thread 0x000000001d0c2000 Exception <a 'java/lang/ClassNotFoundException': com/google/common/collect/AbstractMapBasedMultimap$WrappedListBeanInfo> (0x00000000e4b613a0) thrown at [C:\src\android\AOSP-openjdk\external\jetbrains\jdk\hotspot\src\share\vm\classfile\systemDictionary.cpp,v°ül‹≠@
Event: 3822.212 Thread 0x000000001d0c2000 Exception <a 'java/lang/ClassNotFoundException': com/google/common/collect/AbstractMapBasedMultimap$WrappedCollectionBeanInfo> (0x00000000e4b6f4b0) thrown at [C:\src\android\AOSP-openjdk\external\jetbrains\jdk\hotspot\src\share\vm\classfile\systemDictionar
Event: 3822.214 Thread 0x000000001d0c2000 Exception <a 'java/lang/ClassNotFoundException': com/google/common/collect/AbstractMapBasedMultimap$WrappedCollectionCustomizer> (0x00000000e4b7d818) thrown at [C:\src\android\AOSP-openjdk\external\jetbrains\jdk\hotspot\src\share\vm\classfile\systemDictioné=ìπq‹≠@
Event: 3822.222 Thread 0x000000001d0c2000 Exception <a 'java/lang/ClassNotFoundException': com/google/common/collect/AbstractMapBasedMultimap$WrappedListCustomizer> (0x00000000e4b9ebd8) thrown at [C:\src\android\AOSP-openjdk\external\jetbrains\jdk\hotspot\src\share\vm\classfile\systemDictionary.cp≥^∫u‹≠@
Event: 3822.230 Thread 0x000000001d0c2000 Exception <a 'java/lang/ClassNotFoundException': com/google/common/collect/AbstractMapBasedMultimap$RandomAccessWrappedListCustomizer> (0x00000000e4bbfc60) thrown at [C:\src\android\AOSP-openjdk\external\jetbrains\jdk\hotspot\src\share\vm\classfile\systemD™b@Ãç‹≠@
Event: 3822.277 Thread 0x000000001d0c2000 Exception <a 'java/lang/ClassNotFoundException': org/jetbrains/plugins/gradle/model/DefaultExternalLibraryDependencyBeanInfo> (0x00000000e4c45640) thrown at [C:\src\android\AOSP-openjdk\external\jetbrains\jdk\hotspot\src\share\vm\classfile\systemDictionary˚0ùEè‹≠@
Event: 3822.280 Thread 0x000000001d0c2000 Exception <a 'java/lang/ClassNotFoundException': org/jetbrains/plugins/gradle/model/AbstractExternalDependencyBeanInfo> (0x00000000e4c52bc8) thrown at [C:\src\android\AOSP-openjdk\external\jetbrains\jdk\hotspot\src\share\vm\classfile\systemDictionary.cpp, ~Ù7î‹≠@
Event: 3822.289 Thread 0x000000001d0c2000 Exception <a 'java/lang/ClassNotFoundException': org/jetbrains/plugins/gradle/model/AbstractExternalDependencyCustomizer> (0x00000000e4c60330) thrown at [C:\src\android\AOSP-openjdk\external\jetbrains\jdk\hotspot\src\share\vm\classfile\systemDictionary.cpp>˝iÓñ‹≠@
Event: 3822.295 Thread 0x000000001d0c2000 Exception <a 'java/lang/ClassNotFoundException': org/jetbrains/plugins/gradle/model/DefaultExternalLibraryDependencyCustomizer> (0x00000000e4c8ac20) thrown at [C:\src\android\AOSP-openjdk\external\jetbrains\jdk\hotspot\src\share\vm\classfile\systemDictionaÏ–Vo›≠@
Event: 3822.554 Thread 0x000000001d0c2000 Implicit null exception at 0x0000000004703284 to 0x000000000470a279

Events (10 events):
Event: 3822.541 loading class org/jetbrains/plugins/gradle/model/ClasspathEntryModel done
Event: 3822.548 loading class org/gradle/tooling/model/internal/Exceptions
Event: 3822.548 loading class org/gradle/tooling/model/internal/Exceptions done
Event: 3822.554 Thread 0x000000001d0c2000 Uncommon trap: trap_request=0xffffff65 fr.pc=0x000000000470a2b8
Event: 3822.554 Thread 0x000000001d0c2000 DEOPT PACKING pc=0x000000000470a2b8 sp=0x000000003874cfb0
Event: 3822.554 Thread 0x000000001d0c2000 DEOPT UNPACKING pc=0x0000000002bc556a sp=0x000000003874ceb0 mode 2
Event: 3822.579 loading class groovy/runtime/metaclass/java/util/CollectionsMetaClass
Event: 3822.579 loading class groovy/runtime/metaclass/java/util/CollectionsMetaClass done
Event: 3822.587 loading class groovy/lang/GroovyRuntimeException
Event: 3822.587 loading class groovy/lang/GroovyRuntimeException done


Dynamic libraries:
0x00007ff68bee0000 - 0x00007ff68bf11000 	C:\Program Files\Android\Android Studio\jre\bin\java.exe
0x00007ffcc4650000 - 0x00007ffcc4821000 	C:\WINDOWS\SYSTEM32\ntdll.dll
0x00007ffcc44f0000 - 0x00007ffcc459c000 	C:\WINDOWS\System32\KERNEL32.DLL
0x00007ffcc0d90000 - 0x00007ffcc0fad000 	C:\WINDOWS\System32\KERNELBASE.dll
0x00007ffcc45a0000 - 0x00007ffcc4642000 	C:\WINDOWS\System32\ADVAPI32.dll
0x00007ffcc4450000 - 0x00007ffcc44ee000 	C:\WINDOWS\System32\msvcrt.dll
0x00007ffcc1c70000 - 0x00007ffcc1cc9000 	C:\WINDOWS\System32\sechost.dll
0x00007ffcc39d0000 - 0x00007ffcc3af1000 	C:\WINDOWS\System32\RPCRT4.dll
0x00007ffcc4270000 - 0x00007ffcc43d5000 	C:\WINDOWS\System32\USER32.dll
0x00007ffcc1bc0000 - 0x00007ffcc1bde000 	C:\WINDOWS\System32\win32u.dll
0x00007ffcc1eb0000 - 0x00007ffcc1ee4000 	C:\WINDOWS\System32\GDI32.dll
0x00007ffcc0c10000 - 0x00007ffcc0d90000 	C:\WINDOWS\System32\gdi32full.dll
0x00007ffcb9090000 - 0x00007ffcb930a000 	C:\WINDOWS\WinSxS\amd64_microsoft.windows.common-controls_6595b64144ccf1df_6.0.14393.953_none_42151e83c686086b\COMCTL32.dll
0x00007ffcc3b70000 - 0x00007ffcc3e38000 	C:\WINDOWS\System32\combase.dll
0x00007ffcc1ac0000 - 0x00007ffcc1bb5000 	C:\WINDOWS\System32\ucrtbase.dll
0x00007ffcc0ba0000 - 0x00007ffcc0c0a000 	C:\WINDOWS\System32\bcryptPrimitives.dll
0x00007ffcc1be0000 - 0x00007ffcc1c0e000 	C:\WINDOWS\System32\IMM32.DLL
0x00000000591c0000 - 0x0000000059292000 	C:\Program Files\Android\Android Studio\jre\jre\bin\msvcr100.dll
0x0000000059380000 - 0x0000000059bbc000 	C:\Program Files\Android\Android Studio\jre\jre\bin\server\jvm.dll
0x00007ffcc1f50000 - 0x00007ffcc1f58000 	C:\WINDOWS\System32\PSAPI.DLL
0x00007ffcbca10000 - 0x00007ffcbca19000 	C:\WINDOWS\SYSTEM32\WSOCK32.dll
0x00007ffcc43e0000 - 0x00007ffcc444a000 	C:\WINDOWS\System32\WS2_32.dll
0x00007ffcbec30000 - 0x00007ffcbec53000 	C:\WINDOWS\SYSTEM32\WINMM.dll
0x00007ffcbaf70000 - 0x00007ffcbaf7a000 	C:\WINDOWS\SYSTEM32\VERSION.dll
0x00000000011b0000 - 0x00000000011db000 	C:\WINDOWS\SYSTEM32\WINMMBASE.dll
0x00007ffcc0b50000 - 0x00007ffcc0b92000 	C:\WINDOWS\System32\cfgmgr32.dll
0x00007ffcbc900000 - 0x00007ffcbc90f000 	C:\Program Files\Android\Android Studio\jre\jre\bin\verify.dll
0x00007ffcbbd60000 - 0x00007ffcbbd89000 	C:\Program Files\Android\Android Studio\jre\jre\bin\java.dll
0x00007ffcbbd10000 - 0x00007ffcbbd26000 	C:\Program Files\Android\Android Studio\jre\jre\bin\zip.dll
0x00007ffcc24c0000 - 0x00007ffcc39c8000 	C:\WINDOWS\System32\SHELL32.dll
0x00007ffcc1330000 - 0x00007ffcc1a0a000 	C:\WINDOWS\System32\windows.storage.dll
0x00007ffcc0ae0000 - 0x00007ffcc0b2c000 	C:\WINDOWS\System32\powrprof.dll
0x00007ffcc1ef0000 - 0x00007ffcc1f42000 	C:\WINDOWS\System32\shlwapi.dll
0x00007ffcc0b30000 - 0x00007ffcc0b3f000 	C:\WINDOWS\System32\kernel.appcore.dll
0x00007ffcc1a10000 - 0x00007ffcc1ab9000 	C:\WINDOWS\System32\shcore.dll
0x00007ffcc0ac0000 - 0x00007ffcc0ad4000 	C:\WINDOWS\System32\profapi.dll
0x00007ffcad570000 - 0x00007ffcad58a000 	C:\Program Files\Android\Android Studio\jre\jre\bin\net.dll
0x00007ffcc0390000 - 0x00007ffcc03ec000 	C:\WINDOWS\system32\mswsock.dll
0x00007ffcac370000 - 0x00007ffcac381000 	C:\Program Files\Android\Android Studio\jre\jre\bin\nio.dll
0x00007ffcb3c60000 - 0x00007ffcb3c7e000 	C:\Users\DELL\.gradle\native\23\windows-amd64\native-platform.dll
0x00007ffcc0540000 - 0x00007ffcc0557000 	C:\WINDOWS\SYSTEM32\CRYPTSP.dll
0x00007ffcbff90000 - 0x00007ffcbffc3000 	C:\WINDOWS\system32\rsaenh.dll
0x00007ffcc0a00000 - 0x00007ffcc0a2b000 	C:\WINDOWS\SYSTEM32\bcrypt.dll
0x00007ffcc0210000 - 0x00007ffcc022f000 	C:\WINDOWS\SYSTEM32\USERENV.dll
0x00007ffcc0530000 - 0x00007ffcc053b000 	C:\WINDOWS\SYSTEM32\CRYPTBASE.dll
0x00007ffcc0110000 - 0x00007ffcc0148000 	C:\WINDOWS\SYSTEM32\IPHLPAPI.DLL
0x00007ffcc2290000 - 0x00007ffcc2298000 	C:\WINDOWS\System32\NSI.dll
0x00007ffcbb810000 - 0x00007ffcbb826000 	C:\WINDOWS\SYSTEM32\dhcpcsvc6.DLL
0x00007ffcbb7a0000 - 0x00007ffcbb7ba000 	C:\WINDOWS\SYSTEM32\dhcpcsvc.DLL
0x00007ffcad820000 - 0x00007ffcad82d000 	C:\Program Files\Android\Android Studio\jre\jre\bin\management.dll
0x00007ffcadbc0000 - 0x00007ffcadbe4000 	C:\Program Files\Android\Android Studio\jre\jre\bin\sunec.dll
0x00007ffcadbb0000 - 0x00007ffcadbbb000 	C:\Program Files\Android\Android Studio\jre\jre\bin\sunmscapi.dll
0x00007ffcc1160000 - 0x00007ffcc1329000 	C:\WINDOWS\System32\CRYPT32.dll
0x00007ffcc0b40000 - 0x00007ffcc0b50000 	C:\WINDOWS\System32\MSASN1.dll
0x00007ffcc0150000 - 0x00007ffcc01f1000 	C:\WINDOWS\SYSTEM32\DNSAPI.dll
0x00007ffcb66e0000 - 0x00007ffcb66ea000 	C:\Windows\System32\rasadhlp.dll
0x00007ffcb87a0000 - 0x00007ffcb880a000 	C:\WINDOWS\System32\fwpuclnt.dll
0x00007ffcb3ed0000 - 0x00007ffcb4062000 	C:\WINDOWS\SYSTEM32\dbghelp.dll

VM Arguments:
jvm_args: -Xmx1536m -Dfile.encoding=windows-1254 -Duser.country=TR -Duser.language=tr -Duser.variant 
java_command: org.gradle.launcher.daemon.bootstrap.GradleDaemon 3.3
java_class_path (initial): C:\Users\DELL\.gradle\wrapper\dists\gradle-3.3-all\55gk2rcmfc6p2dg9u9ohc3hw9\gradle-3.3\lib\gradle-launcher-3.3.jar
Launcher Type: SUN_STANDARD

Environment Variables:
PATH=C:\ProgramData\Oracle\Java\javapath;C:\Windows\system32;C:\Windows;C:\Windows\System32\Wbem;C:\Windows\System32\WindowsPowerShell\v1.0\;C:\Program Files (x86)\NVIDIA Corporation\PhysX\Common;C:\WINDOWS\system32;C:\WINDOWS;C:\WINDOWS\System32\Wbem;C:\WINDOWS\System32\WindowsPowerShell\v1.0\;C:\WINDOWS\system32\config\systemprofile\.dnx\bin;C:\Program Files\Microsoft DNX\Dnvm\;C:\Program Files (x86)\Skype\Phone\;C:\Program Files\PuTTY\;C:\Program Files\Git\cmd;C:\Users\DELL\AppData\Local\Microsoft\WindowsApps;
USERNAME=DELL
OS=Windows_NT
PROCESSOR_IDENTIFIER=Intel64 Family 6 Model 42 Stepping 7, GenuineIntel



---------------  S Y S T E M  ---------------

OS: Windows 10.0 , 64 bit Build 14393 (10.0.14393.1198)

CPU:total 4 (2 cores per cpu, 2 threads per core) family 6 model 42 stepping 7, cmov, cx8, fxsr, mmx, sse, sse2, sse3, ssse3, sse4.1, sse4.2, popcnt, avx, aes, clmul, ht, tsc, tscinvbit

Memory: 4k page, physical 4098092k(928088k free), swap 5670956k(1397916k free)

vm_info: OpenJDK 64-Bit Server VM (25.112-b06) for windows-amd64 JRE (1.8.0_112-release-b06), built on Dec  8 2016 00:54:26 by "builder" with MS VC++ 10.0 (VS2010)

time: Sat Jul 01 23:11:35 2017
elapsed time: 3822 seconds (0d 1h 3m 42s)

