#
# A fatal error has been detected by the Java Runtime Environment:
#
#  EXCEPTION_ACCESS_VIOLATION (0xc0000005) at pc=0x00007fff4a93a406, pid=4660, tid=0x0000000000001da0
#
# JRE version: OpenJDK Runtime Environment (8.0_112-b06) (build 1.8.0_112-release-b06)
# Java VM: OpenJDK 64-Bit Server VM (25.112-b06 mixed mode windows-amd64 compressed oops)
# Problematic frame:
# C  [zip.dll+0xa406]
#
# Failed to write core dump. Minidumps are not enabled by default on client versions of Windows
#
# If you would like to submit a bug report, please visit:
#   http://bugreport.java.com/bugreport/crash.jsp
# The crash happened outside the Java Virtual Machine in native code.
# See problematic frame for where to report the bug.
#

---------------  T H R E A D  ---------------

Current thread (0x000000001944c800):  JavaThread "Daemon worker" [_thread_in_native, id=7584, stack(0x000000001aa70000,0x000000001ab70000)]

siginfo: ExceptionCode=0xc0000005, reading address 0x000000041b998d10

Registers:
RAX=0x00000000187fd530, RBX=0x000000001bd0c820, RCX=0x0000000000000007, RDX=0x0000000000000014
RSP=0x000000001ab66070, RBP=0x000000041b998d10, RSI=0x0000000076d24976, RDI=0x0000000000000000
R8 =0x0000000000000000, R9 =0x000000001ab660f0, R10=0x0000000040000014, R11=0x000000001ab660f0
R12=0x000000001ab660f0, R13=0x0000000000000042, R14=0x0000000000000042, R15=0x000000001944c801
RIP=0x00007fff4a93a406, EFLAGS=0x0000000000010202

Top of Stack: (sp=0x000000001ab66070)
0x000000001ab66070:   00000000a02c4138 0000000000000000
0x000000001ab66080:   000000006376e579 0000000059c1f382
0x000000001ab66090:   000000001944c800 000000001ab66598
0x000000001ab660a0:   00000000a0777101 000000001bd0c820
0x000000001ab660b0:   000000001944c9e0 00007fff4a93203b
0x000000001ab660c0:   000000001ab660f0 000000001ab66570
0x000000001ab660d0:   0000000000000042 000000001944c9e0
0x000000001ab660e0:   000000001ab660f0 0000000000000042
0x000000001ab660f0:   646172672f67726f 692f6970612f656c
0x000000001ab66100:   2f6c616e7265746e 6d6f432f656c6966
0x000000001ab66110:   6946657469736f70 63656c6c6f43656c
0x000000001ab66120:   6e6165426e6f6974 616c632e6f666e49
0x000000001ab66130:   0000000000007373 00000000e1bfdea8
0x000000001ab66140:   000000000000007c 0000000000000000
0x000000001ab66150:   00000000000000c6 00000000a02c3fc8
0x000000001ab66160:   00000000a0218c50 0000000002e01bcc 

Instructions: (pc=0x00007fff4a93a406)
0x00007fff4a93a3e6:   83 c4 20 41 5f 41 5e 41 5d 41 5c 5f c3 33 ff 41
0x00007fff4a93a3f6:   83 fa ff 74 60 49 63 ea 48 c1 e5 04 48 03 6b 58
0x00007fff4a93a406:   39 75 00 0f 85 a5 00 00 00 45 33 c0 48 8b d5 48
0x00007fff4a93a416:   8b cb e8 83 f6 ff ff 48 8b f8 48 85 c0 0f 84 89 


Register to memory mapping:

RAX=0x00000000187fd530 is an unknown value
RBX=0x000000001bd0c820 is an unknown value
RCX=0x0000000000000007 is an unknown value
RDX=0x0000000000000014 is an unknown value
RSP=0x000000001ab66070 is pointing into the stack for thread: 0x000000001944c800
RBP=0x000000041b998d10 is an unknown value
RSI=0x0000000076d24976 is an unknown value
RDI=0x0000000000000000 is an unknown value
R8 =0x0000000000000000 is an unknown value
R9 =0x000000001ab660f0 is pointing into the stack for thread: 0x000000001944c800
R10=0x0000000040000014 is an unknown value
R11=0x000000001ab660f0 is pointing into the stack for thread: 0x000000001944c800
R12=0x000000001ab660f0 is pointing into the stack for thread: 0x000000001944c800
R13=0x0000000000000042 is an unknown value
R14=0x0000000000000042 is an unknown value
R15=0x000000001944c801 is an unknown value


Stack: [0x000000001aa70000,0x000000001ab70000],  sp=0x000000001ab66070,  free space=984k
Native frames: (J=compiled Java code, j=interpreted, Vv=VM code, C=native code)
C  [zip.dll+0xa406]
C  [zip.dll+0x203b]
C  0x0000000002b172a0

Java frames: (J=compiled Java code, j=interpreted, Vv=VM code)
J 197  java.util.zip.ZipFile.getEntry(J[BZ)J (0 bytes) @ 0x0000000002b1721a [0x0000000002b171c0+0x5a]
J 659 C2 java.util.zip.ZipFile.getEntry(Ljava/lang/String;)Ljava/util/zip/ZipEntry; (86 bytes) @ 0x0000000002c914b8 [0x0000000002c91160+0x358]
J 1558 C2 sun.misc.URLClassPath$JarLoader.getResource(Ljava/lang/String;Z)Lsun/misc/Resource; (85 bytes) @ 0x0000000002f13838 [0x0000000002f136c0+0x178]
J 1565 C2 sun.misc.URLClassPath.getResource(Ljava/lang/String;Z)Lsun/misc/Resource; (83 bytes) @ 0x0000000002f1c330 [0x0000000002f1c240+0xf0]
J 2273 C1 java.net.URLClassLoader$1.run()Ljava/lang/Class; (63 bytes) @ 0x000000000329cfe4 [0x000000000329cde0+0x204]
J 2272 C1 java.net.URLClassLoader$1.run()Ljava/lang/Object; (5 bytes) @ 0x000000000329ca7c [0x000000000329ca00+0x7c]
v  ~StubRoutines::call_stub
J 345  java.security.AccessController.doPrivileged(Ljava/security/PrivilegedExceptionAction;Ljava/security/AccessControlContext;)Ljava/lang/Object; (0 bytes) @ 0x0000000002b71426 [0x0000000002b713c0+0x66]
J 1351 C2 java.net.URLClassLoader.findClass(Ljava/lang/String;)Ljava/lang/Class; (47 bytes) @ 0x0000000002e5bbf0 [0x0000000002e5bb60+0x90]
J 1449 C2 java.lang.ClassLoader.loadClass(Ljava/lang/String;Z)Ljava/lang/Class; (122 bytes) @ 0x0000000002eaa414 [0x0000000002eaa000+0x414]
J 2367 C2 java.lang.ClassLoader.loadClass(Ljava/lang/String;)Ljava/lang/Class; (7 bytes) @ 0x000000000332c980 [0x000000000332c940+0x40]
v  ~StubRoutines::call_stub
J 1218  java.lang.Class.forName0(Ljava/lang/String;ZLjava/lang/ClassLoader;Ljava/lang/Class;)Ljava/lang/Class; (0 bytes) @ 0x0000000002df3c47 [0x0000000002df3bc0+0x87]
J 1459 C1 java.lang.Class.forName(Ljava/lang/String;ZLjava/lang/ClassLoader;)Ljava/lang/Class; (53 bytes) @ 0x0000000002ea5a84 [0x0000000002ea5580+0x504]
j  com.sun.beans.finder.ClassFinder.findClass(Ljava/lang/String;)Ljava/lang/Class;+26
j  com.sun.beans.finder.ClassFinder.findClass(Ljava/lang/String;Ljava/lang/ClassLoader;)Ljava/lang/Class;+21
j  com.sun.beans.finder.InstanceFinder.instantiate(Ljava/lang/Class;Ljava/lang/String;)Ljava/lang/Object;+13
j  com.sun.beans.finder.InstanceFinder.find(Ljava/lang/Class;)Ljava/lang/Object;+34
j  java.beans.Introspector.findExplicitBeanInfo(Ljava/lang/Class;)Ljava/beans/BeanInfo;+7
j  java.beans.Introspector.<init>(Ljava/lang/Class;Ljava/lang/Class;I)V+121
j  java.beans.Introspector.getBeanInfo(Ljava/lang/Class;)Ljava/beans/BeanInfo;+60
j  java.beans.Introspector.getBeanInfo(Ljava/lang/Class;Ljava/lang/Class;I)Ljava/beans/BeanInfo;+10
j  java.beans.Introspector.<init>(Ljava/lang/Class;Ljava/lang/Class;I)V+157
j  java.beans.Introspector.getBeanInfo(Ljava/lang/Class;)Ljava/beans/BeanInfo;+60
j  java.beans.Introspector.getBeanInfo(Ljava/lang/Class;Ljava/lang/Class;I)Ljava/beans/BeanInfo;+10
j  java.beans.Introspector.<init>(Ljava/lang/Class;Ljava/lang/Class;I)V+157
j  java.beans.Introspector.getBeanInfo(Ljava/lang/Class;)Ljava/beans/BeanInfo;+60
j  groovy.lang.MetaClassImpl$15.run()Ljava/lang/Object;+7
v  ~StubRoutines::call_stub
J 644  java.security.AccessController.doPrivileged(Ljava/security/PrivilegedExceptionAction;)Ljava/lang/Object; (0 bytes) @ 0x0000000002c7b912 [0x0000000002c7b8c0+0x52]
j  groovy.lang.MetaClassImpl.addProperties()V+36
j  groovy.lang.MetaClassImpl.initialize()V+12
j  org.codehaus.groovy.reflection.ClassInfo.getMetaClassUnderLock()Lgroovy/lang/MetaClass;+48
j  org.codehaus.groovy.reflection.ClassInfo.getMetaClass()Lgroovy/lang/MetaClass;+16
j  org.codehaus.groovy.runtime.metaclass.MetaClassRegistryImpl.getMetaClass(Ljava/lang/Class;)Lgroovy/lang/MetaClass;+4
j  org.gradle.internal.metaobject.BeanDynamicObject.getMetaClass()Lgroovy/lang/MetaClass;+33
j  org.gradle.internal.metaobject.BeanDynamicObject.access$400(Lorg/gradle/internal/metaobject/BeanDynamicObject;)Lgroovy/lang/MetaClass;+1
j  org.gradle.internal.metaobject.BeanDynamicObject$MetaClassAdapter.setProperty(Ljava/lang/String;Ljava/lang/Object;Lorg/gradle/internal/metaobject/SetPropertyResult;)V+15
j  org.gradle.internal.metaobject.BeanDynamicObject.setProperty(Ljava/lang/String;Ljava/lang/Object;Lorg/gradle/internal/metaobject/SetPropertyResult;)V+7
j  org.gradle.util.ConfigureUtil.configureByMap(Ljava/util/Map;Ljava/lang/Object;)Ljava/lang/Object;+74
j  org.gradle.api.internal.file.collections.DefaultConfigurableFileTree.<init>(Ljava/util/Map;Lorg/gradle/api/internal/file/FileResolver;Lorg/gradle/api/internal/tasks/TaskResolver;Lorg/gradle/api/internal/file/copy/FileCopier;Lorg/gradle/api/internal/file/collections/DirectoryFileTreeFactory;)V+53
j  org.gradle.api.internal.file.DefaultFileOperations.fileTree(Ljava/util/Map;)Lorg/gradle/api/file/ConfigurableFileTree;+21
j  org.gradle.api.internal.project.DefaultProject.fileTree(Ljava/util/Map;)Lorg/gradle/api/file/ConfigurableFileTree;+5
j  org.gradle.groovy.scripts.DefaultScript.fileTree(Ljava/util/Map;)Lorg/gradle/api/file/ConfigurableFileTree;+5
v  ~StubRoutines::call_stub
J 1887  sun.reflect.NativeMethodAccessorImpl.invoke0(Ljava/lang/reflect/Method;Ljava/lang/Object;[Ljava/lang/Object;)Ljava/lang/Object; (0 bytes) @ 0x0000000003135aff [0x0000000003135a80+0x7f]
J 1886 C1 sun.reflect.NativeMethodAccessorImpl.invoke(Ljava/lang/Object;[Ljava/lang/Object;)Ljava/lang/Object; (104 bytes) @ 0x0000000003134d64 [0x0000000003133bc0+0x11a4]
J 837 C1 sun.reflect.DelegatingMethodAccessorImpl.invoke(Ljava/lang/Object;[Ljava/lang/Object;)Ljava/lang/Object; (10 bytes) @ 0x0000000002d16044 [0x0000000002d15f40+0x104]
J 836 C1 java.lang.reflect.Method.invoke(Ljava/lang/Object;[Ljava/lang/Object;)Ljava/lang/Object; (62 bytes) @ 0x0000000002d15a6c [0x0000000002d15680+0x3ec]
j  org.codehaus.groovy.reflection.CachedMethod.invoke(Ljava/lang/Object;[Ljava/lang/Object;)Ljava/lang/Object;+6
j  groovy.lang.MetaMethod.doMethodInvoke(Ljava/lang/Object;[Ljava/lang/Object;)Ljava/lang/Object;+9
j  org.gradle.internal.metaobject.BeanDynamicObject$MetaClassAdapter.invokeMethod(Ljava/lang/String;Lorg/gradle/internal/metaobject/InvokeMethodResult;[Ljava/lang/Object;)V+39
j  org.gradle.internal.metaobject.BeanDynamicObject.invokeMethod(Ljava/lang/String;Lorg/gradle/internal/metaobject/InvokeMethodResult;[Ljava/lang/Object;)V+7
j  org.gradle.internal.metaobject.ConfigureDelegate.invokeMethod(Ljava/lang/String;Ljava/lang/Object;)Ljava/lang/Object;+149
j  org.codehaus.groovy.runtime.metaclass.ClosureMetaClass.invokeOnDelegationObjects(ZLjava/lang/Object;ZLjava/lang/Object;Ljava/lang/String;[Ljava/lang/Object;)Ljava/lang/Object;+19
j  org.codehaus.groovy.runtime.metaclass.ClosureMetaClass.invokeMethod(Ljava/lang/Class;Ljava/lang/Object;Ljava/lang/String;[Ljava/lang/Object;ZZ)Ljava/lang/Object;+731
j  groovy.lang.MetaClassImpl.invokeMethod(Ljava/lang/Object;Ljava/lang/String;[Ljava/lang/Object;)Ljava/lang/Object;+10
j  org.codehaus.groovy.runtime.callsite.PogoMetaClassSite.callCurrent(Lgroovy/lang/GroovyObject;[Ljava/lang/Object;)Ljava/lang/Object;+18
j  org.codehaus.groovy.runtime.callsite.CallSiteArray.defaultCallCurrent(Lorg/codehaus/groovy/runtime/callsite/CallSite;Lgroovy/lang/GroovyObject;[Ljava/lang/Object;)Ljava/lang/Object;+17
j  org.codehaus.groovy.runtime.callsite.AbstractCallSite.callCurrent(Lgroovy/lang/GroovyObject;[Ljava/lang/Object;)Ljava/lang/Object;+3
j  org.codehaus.groovy.runtime.callsite.AbstractCallSite.callCurrent(Lgroovy/lang/GroovyObject;Ljava/lang/Object;)Ljava/lang/Object;+33
j  build_f3ymalpn5jl0u81pcorqu58yi$_run_closure2.doCall(Ljava/lang/Object;)Ljava/lang/Object;+51
v  ~StubRoutines::call_stub
J 1887  sun.reflect.NativeMethodAccessorImpl.invoke0(Ljava/lang/reflect/Method;Ljava/lang/Object;[Ljava/lang/Object;)Ljava/lang/Object; (0 bytes) @ 0x0000000003135aff [0x0000000003135a80+0x7f]
J 1886 C1 sun.reflect.NativeMethodAccessorImpl.invoke(Ljava/lang/Object;[Ljava/lang/Object;)Ljava/lang/Object; (104 bytes) @ 0x0000000003134d64 [0x0000000003133bc0+0x11a4]
J 837 C1 sun.reflect.DelegatingMethodAccessorImpl.invoke(Ljava/lang/Object;[Ljava/lang/Object;)Ljava/lang/Object; (10 bytes) @ 0x0000000002d16044 [0x0000000002d15f40+0x104]
J 836 C1 java.lang.reflect.Method.invoke(Ljava/lang/Object;[Ljava/lang/Object;)Ljava/lang/Object; (62 bytes) @ 0x0000000002d15a6c [0x0000000002d15680+0x3ec]
j  org.codehaus.groovy.reflection.CachedMethod.invoke(Ljava/lang/Object;[Ljava/lang/Object;)Ljava/lang/Object;+6
j  groovy.lang.MetaMethod.doMethodInvoke(Ljava/lang/Object;[Ljava/lang/Object;)Ljava/lang/Object;+9
j  org.codehaus.groovy.runtime.metaclass.ClosureMetaClass.invokeMethod(Ljava/lang/Class;Ljava/lang/Object;Ljava/lang/String;[Ljava/lang/Object;ZZ)Ljava/lang/Object;+238
j  groovy.lang.MetaClassImpl.invokeMethod(Ljava/lang/Object;Ljava/lang/String;[Ljava/lang/Object;)Ljava/lang/Object;+10
j  groovy.lang.Closure.call([Ljava/lang/Object;)Ljava/lang/Object;+8
j  groovy.lang.Closure.call(Ljava/lang/Object;)Ljava/lang/Object;+9
j  org.gradle.api.internal.ClosureBackedAction.execute(Ljava/lang/Object;)V+80
j  org.gradle.util.ConfigureUtil.configureTarget(Lgroovy/lang/Closure;Ljava/lang/Object;Lorg/gradle/internal/metaobject/ConfigureDelegate;)V+44
j  org.gradle.util.ConfigureUtil.configure(Lgroovy/lang/Closure;Ljava/lang/Object;)Ljava/lang/Object;+38
j  org.gradle.api.internal.project.DefaultProject.dependencies(Lgroovy/lang/Closure;)V+5
v  ~StubRoutines::call_stub
J 1887  sun.reflect.NativeMethodAccessorImpl.invoke0(Ljava/lang/reflect/Method;Ljava/lang/Object;[Ljava/lang/Object;)Ljava/lang/Object; (0 bytes) @ 0x0000000003135aff [0x0000000003135a80+0x7f]
J 1886 C1 sun.reflect.NativeMethodAccessorImpl.invoke(Ljava/lang/Object;[Ljava/lang/Object;)Ljava/lang/Object; (104 bytes) @ 0x0000000003134d64 [0x0000000003133bc0+0x11a4]
J 837 C1 sun.reflect.DelegatingMethodAccessorImpl.invoke(Ljava/lang/Object;[Ljava/lang/Object;)Ljava/lang/Object; (10 bytes) @ 0x0000000002d16044 [0x0000000002d15f40+0x104]
J 836 C1 java.lang.reflect.Method.invoke(Ljava/lang/Object;[Ljava/lang/Object;)Ljava/lang/Object; (62 bytes) @ 0x0000000002d15a6c [0x0000000002d15680+0x3ec]
j  org.codehaus.groovy.reflection.CachedMethod.invoke(Ljava/lang/Object;[Ljava/lang/Object;)Ljava/lang/Object;+6
j  groovy.lang.MetaMethod.doMethodInvoke(Ljava/lang/Object;[Ljava/lang/Object;)Ljava/lang/Object;+9
j  org.gradle.internal.metaobject.BeanDynamicObject$MetaClassAdapter.invokeMethod(Ljava/lang/String;Lorg/gradle/internal/metaobject/InvokeMethodResult;[Ljava/lang/Object;)V+39
j  org.gradle.internal.metaobject.BeanDynamicObject.invokeMethod(Ljava/lang/String;Lorg/gradle/internal/metaobject/InvokeMethodResult;[Ljava/lang/Object;)V+7
j  org.gradle.internal.metaobject.CompositeDynamicObject.invokeMethod(Ljava/lang/String;Lorg/gradle/internal/metaobject/InvokeMethodResult;[Ljava/lang/Object;)V+33
j  org.gradle.internal.metaobject.MixInClosurePropertiesAsMethodsDynamicObject.invokeMethod(Ljava/lang/String;Lorg/gradle/internal/metaobject/InvokeMethodResult;[Ljava/lang/Object;)V+4
j  org.gradle.internal.metaobject.AbstractDynamicObject.invokeMethod(Ljava/lang/String;[Ljava/lang/Object;)Ljava/lang/Object;+12
j  org.gradle.groovy.scripts.BasicScript.methodMissing(Ljava/lang/String;Ljava/lang/Object;)Ljava/lang/Object;+12
v  ~StubRoutines::call_stub
J 1887  sun.reflect.NativeMethodAccessorImpl.invoke0(Ljava/lang/reflect/Method;Ljava/lang/Object;[Ljava/lang/Object;)Ljava/lang/Object; (0 bytes) @ 0x0000000003135aff [0x0000000003135a80+0x7f]
J 1886 C1 sun.reflect.NativeMethodAccessorImpl.invoke(Ljava/lang/Object;[Ljava/lang/Object;)Ljava/lang/Object; (104 bytes) @ 0x0000000003134d64 [0x0000000003133bc0+0x11a4]
J 837 C1 sun.reflect.DelegatingMethodAccessorImpl.invoke(Ljava/lang/Object;[Ljava/lang/Object;)Ljava/lang/Object; (10 bytes) @ 0x0000000002d16044 [0x0000000002d15f40+0x104]
J 836 C1 java.lang.reflect.Method.invoke(Ljava/lang/Object;[Ljava/lang/Object;)Ljava/lang/Object; (62 bytes) @ 0x0000000002d15a6c [0x0000000002d15680+0x3ec]
j  org.codehaus.groovy.reflection.CachedMethod.invoke(Ljava/lang/Object;[Ljava/lang/Object;)Ljava/lang/Object;+6
j  groovy.lang.MetaClassImpl.invokeMissingMethod(Ljava/lang/Object;Ljava/lang/String;[Ljava/lang/Object;Ljava/lang/RuntimeException;Z)Ljava/lang/Object;+184
j  groovy.lang.MetaClassImpl.invokePropertyOrMissing(Ljava/lang/Object;Ljava/lang/String;[Ljava/lang/Object;ZZ)Ljava/lang/Object;+153
j  groovy.lang.MetaClassImpl.invokeMethod(Ljava/lang/Class;Ljava/lang/Object;Ljava/lang/String;[Ljava/lang/Object;ZZ)Ljava/lang/Object;+1084
j  groovy.lang.MetaClassImpl.invokeMethod(Ljava/lang/Object;Ljava/lang/String;[Ljava/lang/Object;)Ljava/lang/Object;+10
j  org.codehaus.groovy.runtime.callsite.PogoMetaClassSite.callCurrent(Lgroovy/lang/GroovyObject;[Ljava/lang/Object;)Ljava/lang/Object;+18
j  org.codehaus.groovy.runtime.callsite.CallSiteArray.defaultCallCurrent(Lorg/codehaus/groovy/runtime/callsite/CallSite;Lgroovy/lang/GroovyObject;[Ljava/lang/Object;)Ljava/lang/Object;+17
j  org.codehaus.groovy.runtime.callsite.AbstractCallSite.callCurrent(Lgroovy/lang/GroovyObject;[Ljava/lang/Object;)Ljava/lang/Object;+3
j  org.codehaus.groovy.runtime.callsite.AbstractCallSite.callCurrent(Lgroovy/lang/GroovyObject;Ljava/lang/Object;)Ljava/lang/Object;+33
j  build_f3ymalpn5jl0u81pcorqu58yi.run()Ljava/lang/Object;+66
j  org.gradle.groovy.scripts.internal.DefaultScriptRunnerFactory$ScriptRunnerImpl.run(Ljava/lang/Object;Lorg/gradle/internal/service/ServiceRegistry;)V+57
j  org.gradle.configuration.DefaultScriptPluginFactory$ScriptPluginImpl$2.run()V+12
j  org.gradle.configuration.ProjectScriptTarget.addConfiguration(Ljava/lang/Runnable;Z)V+18
j  org.gradle.configuration.DefaultScriptPluginFactory$ScriptPluginImpl.apply(Ljava/lang/Object;)V+541
j  org.gradle.configuration.project.BuildScriptProcessor.execute(Lorg/gradle/api/internal/project/ProjectInternal;)V+63
j  org.gradle.configuration.project.BuildScriptProcessor.execute(Ljava/lang/Object;)V+5
j  org.gradle.configuration.project.ConfigureActionsProjectEvaluator.evaluate(Lorg/gradle/api/internal/project/ProjectInternal;Lorg/gradle/api/internal/project/ProjectStateInternal;)V+33
j  org.gradle.configuration.project.LifecycleProjectEvaluator.doConfigure(Lorg/gradle/api/internal/project/ProjectInternal;Lorg/gradle/api/internal/project/ProjectStateInternal;)V+39
j  org.gradle.configuration.project.LifecycleProjectEvaluator.access$000(Lorg/gradle/configuration/project/LifecycleProjectEvaluator;Lorg/gradle/api/internal/project/ProjectInternal;Lorg/gradle/api/internal/project/ProjectStateInternal;)V+3
j  org.gradle.configuration.project.LifecycleProjectEvaluator$1.execute(Lorg/gradle/internal/operations/BuildOperationContext;)V+12
j  org.gradle.configuration.project.LifecycleProjectEvaluator$1.execute(Ljava/lang/Object;)V+5
j  org.gradle.internal.Transformers$4.transform(Ljava/lang/Object;)Ljava/lang/Object;+5
j  org.gradle.internal.progress.DefaultBuildOperationExecutor.run(Lorg/gradle/internal/progress/BuildOperationDetails;Lorg/gradle/api/Transformer;)Ljava/lang/Object;+276
j  org.gradle.internal.progress.DefaultBuildOperationExecutor.run(Lorg/gradle/internal/progress/BuildOperationDetails;Lorg/gradle/api/Action;)V+6
j  org.gradle.configuration.project.LifecycleProjectEvaluator.evaluate(Lorg/gradle/api/internal/project/ProjectInternal;Lorg/gradle/api/internal/project/ProjectStateInternal;)V+89
j  org.gradle.api.internal.project.DefaultProject.evaluate()Lorg/gradle/api/internal/project/DefaultProject;+9
j  org.gradle.api.internal.project.DefaultProject.evaluate()Lorg/gradle/api/Project;+1
j  org.gradle.execution.TaskPathProjectEvaluator.configure(Lorg/gradle/api/internal/project/ProjectInternal;)V+21
j  org.gradle.execution.TaskPathProjectEvaluator.configureHierarchy(Lorg/gradle/api/internal/project/ProjectInternal;)V+41
j  org.gradle.configuration.DefaultBuildConfigurer.configure(Lorg/gradle/api/internal/GradleInternal;)V+45
j  org.gradle.initialization.DefaultGradleLauncher$1.execute(Lorg/gradle/internal/operations/BuildOperationContext;)V+14
j  org.gradle.initialization.DefaultGradleLauncher$1.execute(Ljava/lang/Object;)V+5
j  org.gradle.internal.Transformers$4.transform(Ljava/lang/Object;)Ljava/lang/Object;+5
j  org.gradle.internal.progress.DefaultBuildOperationExecutor.run(Lorg/gradle/internal/progress/BuildOperationDetails;Lorg/gradle/api/Transformer;)Ljava/lang/Object;+276
j  org.gradle.internal.progress.DefaultBuildOperationExecutor.run(Ljava/lang/String;Lorg/gradle/api/Action;)V+12
j  org.gradle.initialization.DefaultGradleLauncher.doBuildStages(Lorg/gradle/initialization/DefaultGradleLauncher$Stage;)V+94
j  org.gradle.initialization.DefaultGradleLauncher.doBuild(Lorg/gradle/initialization/DefaultGradleLauncher$Stage;)Lorg/gradle/BuildResult;+17
j  org.gradle.initialization.DefaultGradleLauncher.getBuildAnalysis()Lorg/gradle/BuildResult;+4
j  org.gradle.launcher.exec.GradleBuildController.configure()Lorg/gradle/api/internal/GradleInternal;+4
j  org.gradle.tooling.internal.provider.runner.ClientProvidedBuildActionRunner.run(Lorg/gradle/internal/invocation/BuildAction;Lorg/gradle/internal/invocation/BuildController;)V+62
j  org.gradle.launcher.exec.ChainingBuildActionRunner.run(Lorg/gradle/internal/invocation/BuildAction;Lorg/gradle/internal/invocation/BuildController;)V+34
j  org.gradle.tooling.internal.provider.runner.RunAsBuildOperationBuildActionRunner$1.execute(Lorg/gradle/internal/operations/BuildOperationContext;)V+15
j  org.gradle.tooling.internal.provider.runner.RunAsBuildOperationBuildActionRunner$1.execute(Ljava/lang/Object;)V+5
j  org.gradle.internal.Transformers$4.transform(Ljava/lang/Object;)Ljava/lang/Object;+5
j  org.gradle.internal.progress.DefaultBuildOperationExecutor.run(Lorg/gradle/internal/progress/BuildOperationDetails;Lorg/gradle/api/Transformer;)Ljava/lang/Object;+276
j  org.gradle.internal.progress.DefaultBuildOperationExecutor.run(Ljava/lang/String;Lorg/gradle/api/Action;)V+12
j  org.gradle.tooling.internal.provider.runner.RunAsBuildOperationBuildActionRunner.run(Lorg/gradle/internal/invocation/BuildAction;Lorg/gradle/internal/invocation/BuildController;)V+16
j  org.gradle.tooling.internal.provider.runner.SubscribableBuildActionRunner.run(Lorg/gradle/internal/invocation/BuildAction;Lorg/gradle/internal/invocation/BuildController;)V+38
j  org.gradle.launcher.exec.ChainingBuildActionRunner.run(Lorg/gradle/internal/invocation/BuildAction;Lorg/gradle/internal/invocation/BuildController;)V+34
j  org.gradle.launcher.exec.InProcessBuildActionExecuter.execute(Lorg/gradle/internal/invocation/BuildAction;Lorg/gradle/initialization/BuildRequestContext;Lorg/gradle/launcher/exec/BuildActionParameters;Lorg/gradle/internal/service/ServiceRegistry;)Ljava/lang/Object;+64
j  org.gradle.launcher.exec.InProcessBuildActionExecuter.execute(Lorg/gradle/internal/invocation/BuildAction;Lorg/gradle/initialization/BuildRequestContext;Ljava/lang/Object;Lorg/gradle/internal/service/ServiceRegistry;)Ljava/lang/Object;+9
j  org.gradle.tooling.internal.provider.ContinuousBuildActionExecuter.execute(Lorg/gradle/internal/invocation/BuildAction;Lorg/gradle/initialization/BuildRequestContext;Lorg/gradle/launcher/exec/BuildActionParameters;Lorg/gradle/internal/service/ServiceRegistry;)Ljava/lang/Object;+28
j  org.gradle.tooling.internal.provider.ContinuousBuildActionExecuter.execute(Lorg/gradle/internal/invocation/BuildAction;Lorg/gradle/initialization/BuildRequestContext;Ljava/lang/Object;Lorg/gradle/internal/service/ServiceRegistry;)Ljava/lang/Object;+9
j  org.gradle.tooling.internal.provider.ServicesSetupBuildActionExecuter.execute(Lorg/gradle/internal/invocation/BuildAction;Lorg/gradle/initialization/BuildRequestContext;Lorg/gradle/launcher/exec/BuildActionParameters;Lorg/gradle/internal/service/ServiceRegistry;)Ljava/lang/Object;+52
j  org.gradle.tooling.internal.provider.ServicesSetupBuildActionExecuter.execute(Lorg/gradle/internal/invocation/BuildAction;Lorg/gradle/initialization/BuildRequestContext;Ljava/lang/Object;Lorg/gradle/internal/service/ServiceRegistry;)Ljava/lang/Object;+9
j  org.gradle.launcher.daemon.server.exec.ExecuteBuild.doBuild(Lorg/gradle/launcher/daemon/server/api/DaemonCommandExecution;Lorg/gradle/launcher/daemon/protocol/Build;)V+114
j  org.gradle.launcher.daemon.server.exec.BuildCommandOnly.execute(Lorg/gradle/launcher/daemon/server/api/DaemonCommandExecution;)V+49
j  org.gradle.launcher.daemon.server.api.DaemonCommandExecution.proceed()Z+28
j  org.gradle.launcher.daemon.server.exec.WatchForDisconnection.execute(Lorg/gradle/launcher/daemon/server/api/DaemonCommandExecution;)V+19
j  org.gradle.launcher.daemon.server.api.DaemonCommandExecution.proceed()Z+28
j  org.gradle.launcher.daemon.server.exec.ResetDeprecationLogger.execute(Lorg/gradle/launcher/daemon/server/api/DaemonCommandExecution;)V+4
j  org.gradle.launcher.daemon.server.api.DaemonCommandExecution.proceed()Z+28
j  org.gradle.launcher.daemon.server.exec.RequestStopIfSingleUsedDaemon.execute(Lorg/gradle/launcher/daemon/server/api/DaemonCommandExecution;)V+33
j  org.gradle.launcher.daemon.server.api.DaemonCommandExecution.proceed()Z+28
j  org.gradle.launcher.daemon.server.exec.ForwardClientInput$2.call()Ljava/lang/Void;+4
j  org.gradle.launcher.daemon.server.exec.ForwardClientInput$2.call()Ljava/lang/Object;+1
j  org.gradle.util.Swapper.swap(Ljava/lang/Object;Ljava/util/concurrent/Callable;)Ljava/lang/Object;+21
j  org.gradle.launcher.daemon.server.exec.ForwardClientInput.execute(Lorg/gradle/launcher/daemon/server/api/DaemonCommandExecution;)V+63
j  org.gradle.launcher.daemon.server.api.DaemonCommandExecution.proceed()Z+28
j  org.gradle.launcher.daemon.server.exec.LogAndCheckHealth.execute(Lorg/gradle/launcher/daemon/server/api/DaemonCommandExecution;)V+28
j  org.gradle.launcher.daemon.server.api.DaemonCommandExecution.proceed()Z+28
j  org.gradle.launcher.daemon.server.exec.LogToClient.doBuild(Lorg/gradle/launcher/daemon/server/api/DaemonCommandExecution;Lorg/gradle/launcher/daemon/protocol/Build;)V+87
j  org.gradle.launcher.daemon.server.exec.BuildCommandOnly.execute(Lorg/gradle/launcher/daemon/server/api/DaemonCommandExecution;)V+49
j  org.gradle.launcher.daemon.server.api.DaemonCommandExecution.proceed()Z+28
j  org.gradle.launcher.daemon.server.exec.EstablishBuildEnvironment.doBuild(Lorg/gradle/launcher/daemon/server/api/DaemonCommandExecution;Lorg/gradle/launcher/daemon/protocol/Build;)V+279
j  org.gradle.launcher.daemon.server.exec.BuildCommandOnly.execute(Lorg/gradle/launcher/daemon/server/api/DaemonCommandExecution;)V+49
j  org.gradle.launcher.daemon.server.api.DaemonCommandExecution.proceed()Z+28
j  org.gradle.launcher.daemon.server.exec.StartBuildOrRespondWithBusy$1.run()V+44
j  org.gradle.launcher.daemon.server.DaemonStateCoordinator$1.run()V+4
j  org.gradle.internal.concurrent.ExecutorPolicy$CatchAndRecordFailures.onExecute(Ljava/lang/Runnable;)V+1
j  org.gradle.internal.concurrent.StoppableExecutorImpl$1.run()V+25
j  java.util.concurrent.ThreadPoolExecutor.runWorker(Ljava/util/concurrent/ThreadPoolExecutor$Worker;)V+95
j  java.util.concurrent.ThreadPoolExecutor$Worker.run()V+5
j  java.lang.Thread.run()V+11
v  ~StubRoutines::call_stub

---------------  P R O C E S S  ---------------

Java Threads: ( => current thread )
  0x000000001932c000 JavaThread "pool-2-thread-1" [_thread_blocked, id=8316, stack(0x00000000200a0000,0x00000000201a0000)]
  0x000000001afef800 JavaThread "File lock request listener" [_thread_in_native, id=7552, stack(0x000000001bf40000,0x000000001c040000)]
  0x0000000019452800 JavaThread "Stdin handler" [_thread_blocked, id=7560, stack(0x000000001ac70000,0x000000001ad70000)]
  0x000000001944e000 JavaThread "Asynchronous log dispatcher for DefaultDaemonConnection: socket connection from /127.0.0.1:50352 to /127.0.0.1:50353" [_thread_blocked, id=7612, stack(0x000000001ab70000,0x000000001ac70000)]
=>0x000000001944c800 JavaThread "Daemon worker" [_thread_in_native, id=7584, stack(0x000000001aa70000,0x000000001ab70000)]
  0x000000001935b000 JavaThread "Cancel handler" [_thread_blocked, id=7600, stack(0x000000001a970000,0x000000001aa70000)]
  0x000000001935e000 JavaThread "pool-1-thread-1" [_thread_blocked, id=7556, stack(0x000000001a870000,0x000000001a970000)]
  0x0000000019363000 JavaThread "Handler for socket connection from /127.0.0.1:50352 to /127.0.0.1:50353" [_thread_in_native, id=7564, stack(0x000000001a770000,0x000000001a870000)]
  0x000000001935f800 JavaThread "Daemon" [_thread_blocked, id=7580, stack(0x000000001a670000,0x000000001a770000)]
  0x000000001925f000 JavaThread "Incoming local TCP Connector on port 50352" [_thread_in_native, id=7604, stack(0x0000000019a20000,0x0000000019b20000)]
  0x0000000017c78800 JavaThread "Service Thread" daemon [_thread_blocked, id=7520, stack(0x0000000018050000,0x0000000018150000)]
  0x0000000016323000 JavaThread "C1 CompilerThread2" daemon [_thread_blocked, id=6040, stack(0x0000000017b50000,0x0000000017c50000)]
  0x000000001631f800 JavaThread "C2 CompilerThread1" daemon [_thread_in_native, id=8976, stack(0x0000000017a50000,0x0000000017b50000)]
  0x000000001631c800 JavaThread "C2 CompilerThread0" daemon [_thread_in_native, id=8368, stack(0x0000000017950000,0x0000000017a50000)]
  0x000000001631b000 JavaThread "Attach Listener" daemon [_thread_blocked, id=8756, stack(0x0000000017850000,0x0000000017950000)]
  0x0000000016319800 JavaThread "Signal Dispatcher" daemon [_thread_blocked, id=7976, stack(0x0000000017750000,0x0000000017850000)]
  0x0000000016308000 JavaThread "Finalizer" daemon [_thread_blocked, id=8980, stack(0x0000000017570000,0x0000000017670000)]
  0x00000000028c0000 JavaThread "Reference Handler" daemon [_thread_blocked, id=6780, stack(0x0000000017470000,0x0000000017570000)]
  0x00000000027d0800 JavaThread "main" [_thread_blocked, id=1832, stack(0x0000000002630000,0x0000000002730000)]

Other Threads:
  0x00000000162e5800 VMThread [stack: 0x0000000017370000,0x0000000017470000] [id=6380]
  0x000000001637d000 WatcherThread [stack: 0x0000000018150000,0x0000000018250000] [id=8744]

VM state:not at safepoint (normal execution)

VM Mutex/Monitor currently owned by a thread: None

Heap:
 PSYoungGen      total 77824K, used 32905K [0x00000000e0000000, 0x00000000e5680000, 0x0000000100000000)
  eden space 67584K, 43% used [0x00000000e0000000,0x00000000e1c7a2d0,0x00000000e4200000)
  from space 10240K, 36% used [0x00000000e4c00000,0x00000000e4fa84f8,0x00000000e5600000)
  to   space 10240K, 0% used [0x00000000e4200000,0x00000000e4200000,0x00000000e4c00000)
 ParOldGen       total 44544K, used 13944K [0x00000000a0000000, 0x00000000a2b80000, 0x00000000e0000000)
  object space 44544K, 31% used [0x00000000a0000000,0x00000000a0d9e098,0x00000000a2b80000)
 Metaspace       used 38050K, capacity 38918K, committed 39256K, reserved 1083392K
  class space    used 5103K, capacity 5341K, committed 5464K, reserved 1048576K

Card table byte_map: [0x0000000011d70000,0x0000000012080000] byte_map_base: 0x0000000011870000

Marking Bits: (ParMarkBitMap*) 0x000000005a2c18f0
 Begin Bits: [0x0000000012680000, 0x0000000013e80000)
 End Bits:   [0x0000000013e80000, 0x0000000015680000)

Polling page: 0x0000000000ef0000

CodeCache: size=245760Kb used=15141Kb max_used=15141Kb free=230618Kb
 bounds [0x00000000029b0000, 0x0000000003890000, 0x00000000119b0000]
 total_blobs=4607 nmethods=3889 adapters=630
 compilation: enabled

Compilation events (10 events):
Event: 39.205 Thread 0x0000000016323000 4143   !   3       java.io.WinNTFileSystem::access (18 bytes)
Event: 39.205 Thread 0x0000000016323000 nmethod 4143 0x0000000003880050 code [0x00000000038801c0, 0x00000000038804a8]
Event: 39.205 Thread 0x0000000016323000 4144  s    3       java.lang.StringBuffer::charAt (28 bytes)
Event: 39.206 Thread 0x0000000016323000 nmethod 4144 0x000000000387f910 code [0x000000000387fa80, 0x000000000387fea8]
Event: 39.208 Thread 0x0000000016323000 4145       3       org.gradle.api.internal.DefaultNamedDomainObjectCollection::findByNameWithoutRules (11 bytes)
Event: 39.208 Thread 0x0000000016323000 nmethod 4145 0x000000000387f490 code [0x000000000387f600, 0x000000000387f828]
Event: 39.208 Thread 0x0000000016323000 4146       3       org.gradle.api.internal.DefaultNamedDomainObjectCollection$UnfilteredIndex::get (11 bytes)
Event: 39.208 Thread 0x0000000016323000 nmethod 4146 0x000000000387f010 code [0x000000000387f180, 0x000000000387f3a8]
Event: 39.212 Thread 0x0000000016323000 4147       3       org.codehaus.groovy.reflection.ClassInfo$LazyCachedClassRef::initValue (5 bytes)
Event: 39.213 Thread 0x0000000016323000 nmethod 4147 0x000000000387ead0 code [0x000000000387ec40, 0x000000000387eea8]

GC Heap History (10 events):
Event: 26.528 GC heap before
{Heap before GC invocations=12 (full 1):
 PSYoungGen      total 46080K, used 44670K [0x00000000e0000000, 0x00000000e3580000, 0x0000000100000000)
  eden space 38400K, 100% used [0x00000000e0000000,0x00000000e2580000,0x00000000e2580000)
  from space 7680K, 81% used [0x00000000e2d80000,0x00000000e339fb30,0x00000000e3500000)
  to   space 8192K, 0% used [0x00000000e2580000,0x00000000e2580000,0x00000000e2d80000)
 ParOldGen       total 37376K, used 9442K [0x00000000a0000000, 0x00000000a2480000, 0x00000000e0000000)
  object space 37376K, 25% used [0x00000000a0000000,0x00000000a0938b90,0x00000000a2480000)
 Metaspace       used 29957K, capacity 30556K, committed 30720K, reserved 1075200K
  class space    used 4085K, capacity 4246K, committed 4352K, reserved 1048576K
Event: 26.535 GC heap after
Heap after GC invocations=12 (full 1):
 PSYoungGen      total 46592K, used 5492K [0x00000000e0000000, 0x00000000e3c80000, 0x0000000100000000)
  eden space 38400K, 0% used [0x00000000e0000000,0x00000000e0000000,0x00000000e2580000)
  from space 8192K, 67% used [0x00000000e2580000,0x00000000e2add040,0x00000000e2d80000)
  to   space 8192K, 0% used [0x00000000e3480000,0x00000000e3480000,0x00000000e3c80000)
 ParOldGen       total 37376K, used 9450K [0x00000000a0000000, 0x00000000a2480000, 0x00000000e0000000)
  object space 37376K, 25% used [0x00000000a0000000,0x00000000a093ab90,0x00000000a2480000)
 Metaspace       used 29957K, capacity 30556K, committed 30720K, reserved 1075200K
  class space    used 4085K, capacity 4246K, committed 4352K, reserved 1048576K
}
Event: 37.774 GC heap before
{Heap before GC invocations=13 (full 1):
 PSYoungGen      total 46592K, used 43892K [0x00000000e0000000, 0x00000000e3c80000, 0x0000000100000000)
  eden space 38400K, 100% used [0x00000000e0000000,0x00000000e2580000,0x00000000e2580000)
  from space 8192K, 67% used [0x00000000e2580000,0x00000000e2add040,0x00000000e2d80000)
  to   space 8192K, 0% used [0x00000000e3480000,0x00000000e3480000,0x00000000e3c80000)
 ParOldGen       total 37376K, used 9450K [0x00000000a0000000, 0x00000000a2480000, 0x00000000e0000000)
  object space 37376K, 25% used [0x00000000a0000000,0x00000000a093ab90,0x00000000a2480000)
 Metaspace       used 34470K, capacity 35152K, committed 35416K, reserved 1079296K
  class space    used 4663K, capacity 4887K, committed 4952K, reserved 1048576K
Event: 37.788 GC heap after
Heap after GC invocations=13 (full 1):
 PSYoungGen      total 52224K, used 8171K [0x00000000e0000000, 0x00000000e3f00000, 0x0000000100000000)
  eden space 44032K, 0% used [0x00000000e0000000,0x00000000e0000000,0x00000000e2b00000)
  from space 8192K, 99% used [0x00000000e3480000,0x00000000e3c7aef0,0x00000000e3c80000)
  to   space 9728K, 0% used [0x00000000e2b00000,0x00000000e2b00000,0x00000000e3480000)
 ParOldGen       total 37376K, used 11860K [0x00000000a0000000, 0x00000000a2480000, 0x00000000e0000000)
  object space 37376K, 31% used [0x00000000a0000000,0x00000000a0b95108,0x00000000a2480000)
 Metaspace       used 34470K, capacity 35152K, committed 35416K, reserved 1079296K
  class space    used 4663K, capacity 4887K, committed 4952K, reserved 1048576K
}
Event: 37.819 GC heap before
{Heap before GC invocations=14 (full 1):
 PSYoungGen      total 52224K, used 11615K [0x00000000e0000000, 0x00000000e3f00000, 0x0000000100000000)
  eden space 44032K, 7% used [0x00000000e0000000,0x00000000e035cdf8,0x00000000e2b00000)
  from space 8192K, 99% used [0x00000000e3480000,0x00000000e3c7aef0,0x00000000e3c80000)
  to   space 9728K, 0% used [0x00000000e2b00000,0x00000000e2b00000,0x00000000e3480000)
 ParOldGen       total 37376K, used 11860K [0x00000000a0000000, 0x00000000a2480000, 0x00000000e0000000)
  object space 37376K, 31% used [0x00000000a0000000,0x00000000a0b95108,0x00000000a2480000)
 Metaspace       used 34571K, capacity 35280K, committed 35416K, reserved 1079296K
  class space    used 4671K, capacity 4887K, committed 4952K, reserved 1048576K
Event: 37.827 GC heap after
Heap after GC invocations=14 (full 1):
 PSYoungGen      total 53760K, used 7373K [0x00000000e0000000, 0x00000000e5600000, 0x0000000100000000)
  eden space 44032K, 0% used [0x00000000e0000000,0x00000000e0000000,0x00000000e2b00000)
  from space 9728K, 75% used [0x00000000e2b00000,0x00000000e3233740,0x00000000e3480000)
  to   space 10240K, 0% used [0x00000000e4c00000,0x00000000e4c00000,0x00000000e5600000)
 ParOldGen       total 37376K, used 11868K [0x00000000a0000000, 0x00000000a2480000, 0x00000000e0000000)
  object space 37376K, 31% used [0x00000000a0000000,0x00000000a0b97108,0x00000000a2480000)
 Metaspace       used 34571K, capacity 35280K, committed 35416K, reserved 1079296K
  class space    used 4671K, capacity 4887K, committed 4952K, reserved 1048576K
}
Event: 37.827 GC heap before
{Heap before GC invocations=15 (full 2):
 PSYoungGen      total 53760K, used 7373K [0x00000000e0000000, 0x00000000e5600000, 0x0000000100000000)
  eden space 44032K, 0% used [0x00000000e0000000,0x00000000e0000000,0x00000000e2b00000)
  from space 9728K, 75% used [0x00000000e2b00000,0x00000000e3233740,0x00000000e3480000)
  to   space 10240K, 0% used [0x00000000e4c00000,0x00000000e4c00000,0x00000000e5600000)
 ParOldGen       total 37376K, used 11868K [0x00000000a0000000, 0x00000000a2480000, 0x00000000e0000000)
  object space 37376K, 31% used [0x00000000a0000000,0x00000000a0b97108,0x00000000a2480000)
 Metaspace       used 34571K, capacity 35280K, committed 35416K, reserved 1079296K
  class space    used 4671K, capacity 4887K, committed 4952K, reserved 1048576K
Event: 37.910 GC heap after
Heap after GC invocations=15 (full 2):
 PSYoungGen      total 53760K, used 0K [0x00000000e0000000, 0x00000000e5600000, 0x0000000100000000)
  eden space 44032K, 0% used [0x00000000e0000000,0x00000000e0000000,0x00000000e2b00000)
  from space 9728K, 0% used [0x00000000e2b00000,0x00000000e2b00000,0x00000000e3480000)
  to   space 10240K, 0% used [0x00000000e4c00000,0x00000000e4c00000,0x00000000e5600000)
 ParOldGen       total 44544K, used 13936K [0x00000000a0000000, 0x00000000a2b80000, 0x00000000e0000000)
  object space 44544K, 31% used [0x00000000a0000000,0x00000000a0d9c098,0x00000000a2b80000)
 Metaspace       used 34571K, capacity 35280K, committed 35416K, reserved 1079296K
  class space    used 4671K, capacity 4887K, committed 4952K, reserved 1048576K
}
Event: 38.631 GC heap before
{Heap before GC invocations=16 (full 2):
 PSYoungGen      total 53760K, used 44032K [0x00000000e0000000, 0x00000000e5600000, 0x0000000100000000)
  eden space 44032K, 100% used [0x00000000e0000000,0x00000000e2b00000,0x00000000e2b00000)
  from space 9728K, 0% used [0x00000000e2b00000,0x00000000e2b00000,0x00000000e3480000)
  to   space 10240K, 0% used [0x00000000e4c00000,0x00000000e4c00000,0x00000000e5600000)
 ParOldGen       total 44544K, used 13936K [0x00000000a0000000, 0x00000000a2b80000, 0x00000000e0000000)
  object space 44544K, 31% used [0x00000000a0000000,0x00000000a0d9c098,0x00000000a2b80000)
 Metaspace       used 36748K, capacity 37526K, committed 37720K, reserved 1081344K
  class space    used 4934K, capacity 5158K, committed 5208K, reserved 1048576K
Event: 38.641 GC heap after
Heap after GC invocations=16 (full 2):
 PSYoungGen      total 77824K, used 3745K [0x00000000e0000000, 0x00000000e5680000, 0x0000000100000000)
  eden space 67584K, 0% used [0x00000000e0000000,0x00000000e0000000,0x00000000e4200000)
  from space 10240K, 36% used [0x00000000e4c00000,0x00000000e4fa84f8,0x00000000e5600000)
  to   space 10240K, 0% used [0x00000000e4200000,0x00000000e4200000,0x00000000e4c00000)
 ParOldGen       total 44544K, used 13944K [0x00000000a0000000, 0x00000000a2b80000, 0x00000000e0000000)
  object space 44544K, 31% used [0x00000000a0000000,0x00000000a0d9e098,0x00000000a2b80000)
 Metaspace       used 36748K, capacity 37526K, committed 37720K, reserved 1081344K
  class space    used 4934K, capacity 5158K, committed 5208K, reserved 1048576K
}

Deoptimization events (10 events):
Event: 37.491 Thread 0x000000001944c800 Uncommon trap: reason=bimorphic action=maybe_recompile pc=0x00000000031d186c method=java.security.MessageDigest$Delegate.engineUpdate([BII)V @ 7
Event: 37.491 Thread 0x000000001944c800 Uncommon trap: reason=bimorphic action=maybe_recompile pc=0x00000000031d186c method=java.security.MessageDigest$Delegate.engineUpdate([BII)V @ 7
Event: 37.964 Thread 0x000000001944c800 Uncommon trap: reason=unstable_if action=reinterpret pc=0x000000000335ce28 method=java.util.HashMap.putVal(ILjava/lang/Object;Ljava/lang/Object;ZZ)Ljava/lang/Object; @ 162
Event: 37.965 Thread 0x000000001944c800 Uncommon trap: reason=unstable_if action=reinterpret pc=0x0000000002c55c00 method=java.util.HashMap.resize()[Ljava/util/HashMap$Node; @ 206
Event: 38.081 Thread 0x000000001944c800 Uncommon trap: reason=unstable_if action=reinterpret pc=0x0000000003713818 method=java.lang.reflect.Modifier.toString(I)Ljava/lang/String; @ 123
Event: 38.081 Thread 0x000000001944c800 Uncommon trap: reason=unstable_if action=reinterpret pc=0x0000000003736d60 method=java.lang.reflect.Modifier.toString(I)Ljava/lang/String; @ 123
Event: 38.662 Thread 0x000000001944c800 Uncommon trap: reason=unstable_if action=reinterpret pc=0x00000000036219cc method=java.lang.ThreadLocal.get()Ljava/lang/Object; @ 11
Event: 38.734 Thread 0x000000001944c800 Uncommon trap: reason=unstable_if action=reinterpret pc=0x0000000002ea49bc method=java.lang.CharacterDataLatin1.isWhitespace(I)Z @ 14
Event: 38.834 Thread 0x000000001944c800 Uncommon trap: reason=unstable_if action=reinterpret pc=0x00000000030fcc6c method=java.security.CodeSource.getCertificates()[Ljava/security/cert/Certificate; @ 22
Event: 38.854 Thread 0x000000001944c800 Uncommon trap: reason=unstable_if action=reinterpret pc=0x000000000368be00 method=java.util.LinkedHashMap.get(Ljava/lang/Object;)Ljava/lang/Object; @ 20

Internal exceptions (10 events):
Event: 39.187 Thread 0x000000001944c800 Exception <a 'java/lang/ClassNotFoundException': org/gradle/api/internal/AbstractNamedDomainObjectContainerCustomizer> (0x00000000e1999bb0) thrown at [C:\src\android\AOSP-openjdk\external\jetbrains\jdk\hotspot\src\share\vm\classfile\systemDictionary.cpp, lÙ7ÍÝ<˜C@
Event: 39.189 Thread 0x000000001944c800 Exception <a 'java/lang/ClassNotFoundException': org/gradle/api/internal/FactoryNamedDomainObjectContainerCustomizer> (0x00000000e19e02c0) thrown at [C:\src\android\AOSP-openjdk\external\jetbrains\jdk\hotspot\src\share\vm\classfile\systemDictionary.cpp, liBÍt˜C@
Event: 39.191 Thread 0x000000001944c800 Exception <a 'java/lang/ClassNotFoundException': org/gradle/api/internal/FactoryNamedDomainObjectContainer_DecoratedCustomizer> (0x00000000e1a1f018) thrown at [C:\src\android\AOSP-openjdk\external\jetbrains\jdk\hotspot\src\share\vm\classfile\systemDictionaÛÅy
Event: 39.195 Thread 0x000000001944c800 Exception <a 'java/lang/ClassNotFoundException': build_f3ymalpn5jl0u81pcorqu58yi$_run_closure1$_closure4BeanInfo> (0x00000000e1a723b0) thrown at [C:\src\android\AOSP-openjdk\external\jetbrains\jdk\hotspot\src\share\vm\classfile\systemDictionary.cpp, line 2`Îd™C@
Event: 39.196 Thread 0x000000001944c800 Exception <a 'java/lang/ClassNotFoundException': build_f3ymalpn5jl0u81pcorqu58yi$_run_closure1$_closure4Customizer> (0x00000000e1a886d0) thrown at [C:\src\android\AOSP-openjdk\external\jetbrains\jdk\hotspot\src\share\vm\classfile\systemDictionary.cpp, line©Dxhb™C@
Event: 39.198 Thread 0x000000001944c800 Exception <a 'java/lang/ClassNotFoundException': build_f3ymalpn5jl0u81pcorqu58yi$_run_closure1BeanInfo> (0x00000000e1ab3790) thrown at [C:\src\android\AOSP-openjdk\external\jetbrains\jdk\hotspot\src\share\vm\classfile\systemDictionary.cpp, line 210]
Event: 39.200 Thread 0x000000001944c800 Exception <a 'java/lang/ClassNotFoundException': build_f3ymalpn5jl0u81pcorqu58yi$_run_closure1Customizer> (0x00000000e1ac7fe0) thrown at [C:\src\android\AOSP-openjdk\external\jetbrains\jdk\hotspot\src\share\vm\classfile\systemDictionary.cpp, line 210]
Event: 39.208 Thread 0x000000001944c800 Exception <a 'java/lang/reflect/InvocationTargetException'> (0x00000000e1b02ce0) thrown at [C:\src\android\AOSP-openjdk\external\jetbrains\jdk\hotspot\src\share\vm\runtime\reflection.cpp, line 1092]
Event: 39.220 Thread 0x000000001944c800 Exception <a 'java/lang/ClassNotFoundException': org/gradle/api/internal/file/collections/DefaultConfigurableFileTreeBeanInfo> (0x00000000e1bc67b0) thrown at [C:\src\android\AOSP-openjdk\external\jetbrains\jdk\hotspot\src\share\vm\classfile\systemDictionaròSCSœC@
Event: 39.221 Thread 0x000000001944c800 Exception <a 'java/lang/ClassNotFoundException': org/gradle/api/internal/file/CompositeFileTreeBeanInfo> (0x00000000e1bf0038) thrown at [C:\src\android\AOSP-openjdk\external\jetbrains\jdk\hotspot\src\share\vm\classfile\systemDictionary.cpp, line 210]

Events (10 events):
Event: 39.221 loading class org/gradle/api/internal/file/CompositeFileTreeBeanInfo
Event: 39.221 loading class org/gradle/api/internal/file/CompositeFileTreeBeanInfo done
Event: 39.221 loading class org/gradle/api/internal/file/CompositeFileTreeBeanInfo
Event: 39.221 loading class org/gradle/api/internal/file/CompositeFileTreeBeanInfo done
Event: 39.221 loading class org/gradle/api/internal/file/CompositeFileCollectionBeanInfo
Event: 39.221 loading class org/gradle/api/internal/file/CompositeFileCollectionBeanInfo done
Event: 39.222 loading class org/gradle/api/internal/file/CompositeFileCollectionBeanInfo
Event: 39.222 loading class org/gradle/api/internal/file/CompositeFileCollectionBeanInfo done
Event: 39.222 loading class org/gradle/api/internal/file/CompositeFileCollectionBeanInfo
Event: 39.222 loading class org/gradle/api/internal/file/CompositeFileCollectionBeanInfo done


Dynamic libraries:
0x00007ff69ca00000 - 0x00007ff69ca31000 	C:\Program Files\Android\Android Studio\jre\bin\java.exe
0x00007fff5eb60000 - 0x00007fff5ed31000 	C:\WINDOWS\SYSTEM32\ntdll.dll
0x00007fff5e830000 - 0x00007fff5e8dc000 	C:\WINDOWS\System32\KERNEL32.DLL
0x00007fff5b0c0000 - 0x00007fff5b2dd000 	C:\WINDOWS\System32\KERNELBASE.dll
0x00007fff5ccd0000 - 0x00007fff5cd72000 	C:\WINDOWS\System32\ADVAPI32.dll
0x00007fff5e8e0000 - 0x00007fff5e97e000 	C:\WINDOWS\System32\msvcrt.dll
0x00007fff5cc70000 - 0x00007fff5ccc9000 	C:\WINDOWS\System32\sechost.dll
0x00007fff5e340000 - 0x00007fff5e461000 	C:\WINDOWS\System32\RPCRT4.dll
0x00007fff5cb00000 - 0x00007fff5cc65000 	C:\WINDOWS\System32\USER32.dll
0x00007fff5b2e0000 - 0x00007fff5b2fe000 	C:\WINDOWS\System32\win32u.dll
0x00007fff5e480000 - 0x00007fff5e4b4000 	C:\WINDOWS\System32\GDI32.dll
0x00007fff5be70000 - 0x00007fff5bff0000 	C:\WINDOWS\System32\gdi32full.dll
0x00007fff54f90000 - 0x00007fff5520a000 	C:\WINDOWS\WinSxS\amd64_microsoft.windows.common-controls_6595b64144ccf1df_6.0.14393.953_none_42151e83c686086b\COMCTL32.dll
0x00007fff5c5f0000 - 0x00007fff5c8b8000 	C:\WINDOWS\System32\combase.dll
0x00007fff5bff0000 - 0x00007fff5c0e5000 	C:\WINDOWS\System32\ucrtbase.dll
0x00007fff5bae0000 - 0x00007fff5bb4a000 	C:\WINDOWS\System32\bcryptPrimitives.dll
0x00007fff5e800000 - 0x00007fff5e82e000 	C:\WINDOWS\System32\IMM32.DLL
0x0000000059940000 - 0x0000000059a12000 	C:\Program Files\Android\Android Studio\jre\jre\bin\msvcr100.dll
0x0000000059b00000 - 0x000000005a33c000 	C:\Program Files\Android\Android Studio\jre\jre\bin\server\jvm.dll
0x00007fff5eb50000 - 0x00007fff5eb58000 	C:\WINDOWS\System32\PSAPI.DLL
0x00007fff58510000 - 0x00007fff58533000 	C:\WINDOWS\SYSTEM32\WINMM.dll
0x00007fff4e080000 - 0x00007fff4e089000 	C:\WINDOWS\SYSTEM32\WSOCK32.dll
0x00007fff56250000 - 0x00007fff5625a000 	C:\WINDOWS\SYSTEM32\VERSION.dll
0x00007fff5eae0000 - 0x00007fff5eb4a000 	C:\WINDOWS\System32\WS2_32.dll
0x00007fff584e0000 - 0x00007fff5850b000 	C:\WINDOWS\SYSTEM32\WINMMBASE.dll
0x00007fff5b9e0000 - 0x00007fff5ba22000 	C:\WINDOWS\System32\cfgmgr32.dll
0x00007fff4cda0000 - 0x00007fff4cdaf000 	C:\Program Files\Android\Android Studio\jre\jre\bin\verify.dll
0x00007fff4a950000 - 0x00007fff4a979000 	C:\Program Files\Android\Android Studio\jre\jre\bin\java.dll
0x00007fff4a930000 - 0x00007fff4a946000 	C:\Program Files\Android\Android Studio\jre\jre\bin\zip.dll
0x00007fff5cd80000 - 0x00007fff5e288000 	C:\WINDOWS\System32\SHELL32.dll
0x00007fff5b300000 - 0x00007fff5b9da000 	C:\WINDOWS\System32\windows.storage.dll
0x00007fff5b010000 - 0x00007fff5b05c000 	C:\WINDOWS\System32\powrprof.dll
0x00007fff5c160000 - 0x00007fff5c1b2000 	C:\WINDOWS\System32\shlwapi.dll
0x00007fff5b000000 - 0x00007fff5b00f000 	C:\WINDOWS\System32\kernel.appcore.dll
0x00007fff5ba30000 - 0x00007fff5bad9000 	C:\WINDOWS\System32\shcore.dll
0x00007fff5afd0000 - 0x00007fff5afe4000 	C:\WINDOWS\System32\profapi.dll
0x00007fff4a910000 - 0x00007fff4a92a000 	C:\Program Files\Android\Android Studio\jre\jre\bin\net.dll
0x00007fff5a8a0000 - 0x00007fff5a8fc000 	C:\WINDOWS\system32\mswsock.dll
0x00007fff4a8f0000 - 0x00007fff4a901000 	C:\Program Files\Android\Android Studio\jre\jre\bin\nio.dll
0x00007fff57820000 - 0x00007fff5783e000 	C:\Users\DELL\.gradle\native\23\windows-amd64\native-platform.dll
0x00007fff5aa50000 - 0x00007fff5aa67000 	C:\WINDOWS\SYSTEM32\CRYPTSP.dll
0x00007fff5a4a0000 - 0x00007fff5a4d3000 	C:\WINDOWS\system32\rsaenh.dll
0x00007fff5af20000 - 0x00007fff5af4b000 	C:\WINDOWS\SYSTEM32\bcrypt.dll
0x00007fff5a730000 - 0x00007fff5a74f000 	C:\WINDOWS\SYSTEM32\USERENV.dll
0x00007fff5aa40000 - 0x00007fff5aa4b000 	C:\WINDOWS\SYSTEM32\CRYPTBASE.dll
0x00007fff5a620000 - 0x00007fff5a658000 	C:\WINDOWS\SYSTEM32\IPHLPAPI.DLL
0x00007fff5e470000 - 0x00007fff5e478000 	C:\WINDOWS\System32\NSI.dll
0x00007fff56470000 - 0x00007fff56486000 	C:\WINDOWS\SYSTEM32\dhcpcsvc6.DLL
0x00007fff56450000 - 0x00007fff5646a000 	C:\WINDOWS\SYSTEM32\dhcpcsvc.DLL
0x00007fff4a5a0000 - 0x00007fff4a5ad000 	C:\Program Files\Android\Android Studio\jre\jre\bin\management.dll
0x00007fff4bd90000 - 0x00007fff4bf22000 	C:\WINDOWS\SYSTEM32\dbghelp.dll

VM Arguments:
jvm_args: -Xmx1536m -Dfile.encoding=windows-1254 -Duser.country=TR -Duser.language=tr -Duser.variant 
java_command: org.gradle.launcher.daemon.bootstrap.GradleDaemon 3.3
java_class_path (initial): C:\Users\DELL\.gradle\wrapper\dists\gradle-3.3-all\55gk2rcmfc6p2dg9u9ohc3hw9\gradle-3.3\lib\gradle-launcher-3.3.jar
Launcher Type: SUN_STANDARD

Environment Variables:
PATH=C:\ProgramData\Oracle\Java\javapath;C:\Windows\system32;C:\Windows;C:\Windows\System32\Wbem;C:\Windows\System32\WindowsPowerShell\v1.0\;C:\Program Files (x86)\NVIDIA Corporation\PhysX\Common;C:\WINDOWS\system32;C:\WINDOWS;C:\WINDOWS\System32\Wbem;C:\WINDOWS\System32\WindowsPowerShell\v1.0\;C:\WINDOWS\system32\config\systemprofile\.dnx\bin;C:\Program Files\Microsoft DNX\Dnvm\;C:\Program Files (x86)\Skype\Phone\;C:\Program Files\PuTTY\;C:\Program Files\Git\cmd;C:\Users\DELL\AppData\Local\Microsoft\WindowsApps;
USERNAME=DELL
OS=Windows_NT
PROCESSOR_IDENTIFIER=Intel64 Family 6 Model 42 Stepping 7, GenuineIntel



---------------  S Y S T E M  ---------------

OS: Windows 10.0 , 64 bit Build 14393 (10.0.14393.1198)

CPU:total 4 (2 cores per cpu, 2 threads per core) family 6 model 42 stepping 7, cmov, cx8, fxsr, mmx, sse, sse2, sse3, ssse3, sse4.1, sse4.2, popcnt, avx, aes, clmul, ht, tsc, tscinvbit

Memory: 4k page, physical 4098092k(898056k free), swap 5670956k(2011504k free)

vm_info: OpenJDK 64-Bit Server VM (25.112-b06) for windows-amd64 JRE (1.8.0_112-release-b06), built on Dec  8 2016 00:54:26 by "builder" with MS VC++ 10.0 (VS2010)

time: Mon Jul 03 22:30:09 2017
elapsed time: 39 seconds (0d 0h 0m 39s)

