#
# A fatal error has been detected by the Java Runtime Environment:
#
#  EXCEPTION_ACCESS_VIOLATION (0xc0000005) at pc=0x0000000058dbaf98, pid=11352, tid=0x0000000000001cd0
#
# JRE version: Java(TM) SE Runtime Environment (8.0_131-b11) (build 1.8.0_131-b11)
# Java VM: Java HotSpot(TM) 64-Bit Server VM (25.131-b11 mixed mode windows-amd64 compressed oops)
# Problematic frame:
# V  [jvm.dll+0x13af98]
#
# Failed to write core dump. Minidumps are not enabled by default on client versions of Windows
#
# If you would like to submit a bug report, please visit:
#   http://bugreport.java.com/bugreport/crash.jsp
#

---------------  T H R E A D  ---------------

Current thread (0x000000000299b800):  GCTaskThread [stack: 0x0000000012650000,0x0000000012750000] [id=7376]

siginfo: ExceptionCode=0xc0000005, reading address 0xffffffffffffffff

Registers:
RAX=0x0000000012750000, RBX=0x0000000000000076, RCX=0x0000000000000000, RDX=0x0000000000000000
RSP=0x000000001274f6e0, RBP=0x0000000002a6ac60, RSI=0x00000000e7022044, RDI=0x0000000040000000
R8 =0x007fffffffd00000, R9 =0x0000000002a6ac60, R10=0x0000000000003c78, R11=0x00000000e706ee00
R12=0x00000000e70224c8, R13=0x0000000000001a00, R14=0x00000000e701bcb8, R15=0x000000000000288d
RIP=0x0000000058dbaf98, EFLAGS=0x0000000000010246

Top of Stack: (sp=0x000000001274f6e0)
0x000000001274f6e0:   0000000016cee400 0000000058d951c6
0x000000001274f6f0:   00000000e7073bd0 00000000590302f9
0x000000001274f700:   0000000000000007 0000000058e9da92
0x000000001274f710:   0000000000000000 000000000299ba20
0x000000001274f720:   0000000002992030 0000000000001800
0x000000001274f730:   0000000000000076 000000005907836a
0x000000001274f740:   0000000002a6ac60 00000000e701bcb8
0x000000001274f750:   00000000592d3518 000001c100000076
0x000000001274f760:   0000076b00003c31 0000076c00003c31
0x000000001274f770:   0000007600000062 00000000e701bcb8
0x000000001274f780:   0000000000001800 0000000058dbb021
0x000000001274f790:   00000000163757f0 000000760000005b
0x000000001274f7a0:   000000000299b800 0000000002992030
0x000000001274f7b0:   000000000299ba30 000000000299ba20
0x000000001274f7c0:   00000000592d3518 0000000000000003
0x000000001274f7d0:   000000001a686220 0000000000000000 

Instructions: (pc=0x0000000058dbaf98)
0x0000000058dbaf78:   05 a3 17 6e 00 49 c1 e8 03 49 d3 e8 41 0f b6 c0
0x0000000058dbaf88:   49 c1 e8 06 24 3f 0f b6 d0 48 8b 05 b8 17 6e 00
0x0000000058dbaf98:   4a 8b 0c c0 48 0f a3 d1 72 3e 48 8b cf e8 d6 07
0x0000000058dbafa8:   fd ff 84 c0 74 32 48 8b d7 48 8b cd e8 a7 d6 fc 


Register to memory mapping:

RAX=0x0000000012750000 is an unknown value
RBX=0x0000000000000076 is an unknown value
RCX=0x0000000000000000 is an unknown value
RDX=0x0000000000000000 is an unknown value
RSP=0x000000001274f6e0 is an unknown value
RBP=0x0000000002a6ac60 is an unknown value
RSI=0x00000000e7022044 is an unknown value
RDI=0x0000000040000000 is an unknown value
R8 =0x007fffffffd00000 is an unknown value
R9 =0x0000000002a6ac60 is an unknown value
R10=0x0000000000003c78 is an unknown value
R11=0x00000000e706ee00 is an oop
com.android.dx.util.IntList 
 - klass: 'com/android/dx/util/IntList'
R12=0x00000000e70224c8 is an unknown value
R13=0x0000000000001a00 is an unknown value
R14=0x00000000e701bcb8 is an oop
[Lcom.android.dx.util.IntList; 
 - klass: 'com/android/dx/util/IntList'[]
 - length: 10381
R15=0x000000000000288d is an unknown value


Stack: [0x0000000012650000,0x0000000012750000],  sp=0x000000001274f6e0,  free space=1021k
Native frames: (J=compiled Java code, j=interpreted, Vv=VM code, C=native code)
V  [jvm.dll+0x13af98]
V  [jvm.dll+0x3f836a]
V  [jvm.dll+0x3f5ac0]
V  [jvm.dll+0x3f302e]
V  [jvm.dll+0x29cc1a]
C  [msvcr100.dll+0x21d9f]
C  [msvcr100.dll+0x21e3b]
C  [KERNEL32.DLL+0x8364]
C  [ntdll.dll+0x670d1]


---------------  P R O C E S S  ---------------

Java Threads: ( => current thread )
  0x000000001daf7800 JavaThread "pool-8-thread-4" [_thread_blocked, id=12468, stack(0x0000000025110000,0x0000000025210000)]
  0x000000001daf6800 JavaThread "pool-8-thread-3" [_thread_blocked, id=7216, stack(0x0000000025010000,0x0000000025110000)]
  0x000000001daf6000 JavaThread "pool-8-thread-2" [_thread_blocked, id=4976, stack(0x0000000024f10000,0x0000000025010000)]
  0x000000001daf4800 JavaThread "pool-9-thread-1" [_thread_blocked, id=3064, stack(0x0000000024e10000,0x0000000024f10000)]
  0x000000001daf8000 JavaThread "pool-8-thread-1" [_thread_blocked, id=6488, stack(0x0000000024d10000,0x0000000024e10000)]
  0x000000001daf3800 JavaThread "pool-6-thread-1" [_thread_blocked, id=5604, stack(0x0000000024c10000,0x0000000024d10000)]
  0x000000001daf5000 JavaThread "pool-4-thread-1" [_thread_blocked, id=10220, stack(0x0000000024b10000,0x0000000024c10000)]
  0x000000001daf1800 JavaThread "Cache update executor" [_thread_blocked, id=9480, stack(0x0000000024410000,0x0000000024510000)]
  0x000000001daf0800 JavaThread "Stdin handler" [_thread_blocked, id=13200, stack(0x0000000024310000,0x0000000024410000)]
  0x000000001daef000 JavaThread "Asynchronous log dispatcher for DefaultDaemonConnection: socket connection from /127.0.0.1:60790 to /127.0.0.1:61035" [_thread_blocked, id=3668, stack(0x0000000024210000,0x0000000024310000)]
  0x000000001daea000 JavaThread "Daemon worker Thread 2" [_thread_blocked, id=11552, stack(0x0000000024110000,0x0000000024210000)]
  0x000000001daed800 JavaThread "Cancel handler" [_thread_blocked, id=8708, stack(0x0000000024010000,0x0000000024110000)]
  0x000000001daeb800 JavaThread "Handler for socket connection from /127.0.0.1:60790 to /127.0.0.1:61035" [_thread_in_native, id=8416, stack(0x0000000023f10000,0x0000000024010000)]
  0x000000001dae9000 JavaThread "Daemon Thread 2" [_thread_blocked, id=7708, stack(0x0000000023e10000,0x0000000023f10000)]
  0x0000000019a87000 JavaThread "pool-2-thread-1" [_thread_blocked, id=8224, stack(0x000000001f240000,0x000000001f340000)]
  0x0000000019a85800 JavaThread "File lock request listener" [_thread_in_native, id=11940, stack(0x000000001bf40000,0x000000001c040000)]
  0x0000000018f3b000 JavaThread "Incoming local TCP Connector on port 60790" [_thread_in_native, id=11568, stack(0x000000001b060000,0x000000001b160000)]
  0x0000000019050000 JavaThread "pool-1-thread-1" [_thread_blocked, id=3628, stack(0x000000001a9e0000,0x000000001aae0000)]
  0x000000001644e000 JavaThread "Service Thread" daemon [_thread_blocked, id=4708, stack(0x0000000018040000,0x0000000018140000)]
  0x00000000163f1000 JavaThread "C1 CompilerThread2" daemon [_thread_blocked, id=2392, stack(0x0000000017b40000,0x0000000017c40000)]
  0x00000000163ee000 JavaThread "C2 CompilerThread1" daemon [_thread_blocked, id=8112, stack(0x0000000017a40000,0x0000000017b40000)]
  0x00000000163ea000 JavaThread "C2 CompilerThread0" daemon [_thread_blocked, id=10016, stack(0x0000000017940000,0x0000000017a40000)]
  0x00000000163e8800 JavaThread "Attach Listener" daemon [_thread_blocked, id=7304, stack(0x0000000017840000,0x0000000017940000)]
  0x00000000163f7800 JavaThread "Signal Dispatcher" daemon [_thread_blocked, id=5320, stack(0x0000000017740000,0x0000000017840000)]
  0x00000000163d8800 JavaThread "Finalizer" daemon [_thread_blocked, id=6684, stack(0x0000000017640000,0x0000000017740000)]
  0x0000000002a71000 JavaThread "Reference Handler" daemon [_thread_blocked, id=3608, stack(0x0000000017540000,0x0000000017640000)]
  0x0000000002980800 JavaThread "main" [_thread_blocked, id=7468, stack(0x0000000002880000,0x0000000002980000)]

Other Threads:
  0x00000000163b6800 VMThread [stack: 0x0000000017440000,0x0000000017540000] [id=8772]
  0x0000000017c8e800 WatcherThread [stack: 0x0000000018140000,0x0000000018240000] [id=11924]

=>0x000000000299b800 (exited) GCTaskThread [stack: 0x0000000012650000,0x0000000012750000] [id=7376]

VM state:at safepoint (normal execution)

VM Mutex/Monitor currently owned by a thread:  ([mutex/lock_event])
[0x000000000277bce0] Threads_lock - owner thread: 0x00000000163b6800
[0x000000000277bae0] Heap_lock - owner thread: 0x000000001daf8000

Heap:
 PSYoungGen      total 155648K, used 31352K [0x00000000e0000000, 0x00000000edc80000, 0x0000000100000000)
  eden space 111616K, 0% used [0x00000000e0000000,0x00000000e0000000,0x00000000e6d00000)
  from space 44032K, 71% used [0x00000000e6d00000,0x00000000e8b9e108,0x00000000e9800000)
  to   space 46592K, 0% used [0x00000000eaf00000,0x00000000eaf00000,0x00000000edc80000)
 ParOldGen       total 140800K, used 125069K [0x00000000a0000000, 0x00000000a8980000, 0x00000000e0000000)
  object space 140800K, 88% used [0x00000000a0000000,0x00000000a7a235f0,0x00000000a8980000)
 Metaspace       used 72486K, capacity 75622K, committed 75816K, reserved 1114112K
  class space    used 9575K, capacity 10286K, committed 10288K, reserved 1048576K

Card table byte_map: [0x0000000011e40000,0x0000000012150000] byte_map_base: 0x0000000011940000

Marking Bits: (ParMarkBitMap*) 0x000000005949c720
 Begin Bits: [0x0000000012750000, 0x0000000013f50000)
 End Bits:   [0x0000000013f50000, 0x0000000015750000)

Polling page: 0x0000000000ed0000

CodeCache: size=245760Kb used=45333Kb max_used=45370Kb free=200426Kb
 bounds [0x0000000002a80000, 0x0000000005710000, 0x0000000011a80000]
 total_blobs=13350 nmethods=12534 adapters=726
 compilation: enabled

Compilation events (10 events):
Event: 676.250 Thread 0x00000000163f1000 14941       2       com.android.dx.ssa.NormalSsaInsn::changeOneSource (120 bytes)
Event: 676.251 Thread 0x00000000163f1000 nmethod 14941 0x00000000056dee10 code [0x00000000056df020, 0x00000000056df778]
Event: 676.254 Thread 0x00000000163f1000 14942       2       com.android.dx.ssa.back.RegisterAllocator::insertMoveBefore (240 bytes)
Event: 676.257 Thread 0x00000000163f1000 nmethod 14942 0x00000000056e0150 code [0x00000000056e0480, 0x00000000056e1468]
Event: 676.284 Thread 0x00000000163ee000 nmethod 14844 0x00000000056ec910 code [0x00000000056ed020, 0x00000000056f5d08]
Event: 676.284 Thread 0x00000000163ee000 14889       4       com.android.dx.cf.code.BasicBlocker::addWorkIfNecessary (32 bytes)
Event: 676.286 Thread 0x00000000163ee000 nmethod 14889 0x00000000056e9750 code [0x00000000056e98a0, 0x00000000056e99d8]
Event: 676.286 Thread 0x00000000163ee000 14891   !   4       com.android.dx.cf.code.BytecodeArray::parseInstruction (2764 bytes)
Event: 676.287 Thread 0x00000000163f1000 14943       2       com.android.dx.rop.code.Rops::opIfEq (17 bytes)
Event: 676.287 Thread 0x00000000163f1000 nmethod 14943 0x00000000056ec590 code [0x00000000056ec700, 0x00000000056ec888]

GC Heap History (10 events):
Event: 674.475 GC heap after
Heap after GC invocations=44 (full 5):
 PSYoungGen      total 118272K, used 31350K [0x00000000e0000000, 0x00000000eaf00000, 0x0000000100000000)
  eden space 82432K, 0% used [0x00000000e0000000,0x00000000e0000000,0x00000000e5080000)
  from space 35840K, 87% used [0x00000000e5080000,0x00000000e6f1da48,0x00000000e7380000)
  to   space 40448K, 0% used [0x00000000e8780000,0x00000000e8780000,0x00000000eaf00000)
 ParOldGen       total 140800K, used 84289K [0x00000000a0000000, 0x00000000a8980000, 0x00000000e0000000)
  object space 140800K, 59% used [0x00000000a0000000,0x00000000a52504c0,0x00000000a8980000)
 Metaspace       used 72360K, capacity 75494K, committed 75560K, reserved 1114112K
  class space    used 9575K, capacity 10286K, committed 10288K, reserved 1048576K
}
Event: 674.852 GC heap before
{Heap before GC invocations=45 (full 5):
 PSYoungGen      total 118272K, used 113782K [0x00000000e0000000, 0x00000000eaf00000, 0x0000000100000000)
  eden space 82432K, 100% used [0x00000000e0000000,0x00000000e5080000,0x00000000e5080000)
  from space 35840K, 87% used [0x00000000e5080000,0x00000000e6f1da48,0x00000000e7380000)
  to   space 40448K, 0% used [0x00000000e8780000,0x00000000e8780000,0x00000000eaf00000)
 ParOldGen       total 140800K, used 84289K [0x00000000a0000000, 0x00000000a8980000, 0x00000000e0000000)
  object space 140800K, 59% used [0x00000000a0000000,0x00000000a52504c0,0x00000000a8980000)
 Metaspace       used 72399K, capacity 75558K, committed 75560K, reserved 1114112K
  class space    used 9575K, capacity 10286K, committed 10288K, reserved 1048576K
Event: 674.913 GC heap after
Heap after GC invocations=45 (full 5):
 PSYoungGen      total 134144K, used 34648K [0x00000000e0000000, 0x00000000eb980000, 0x0000000100000000)
  eden space 93696K, 0% used [0x00000000e0000000,0x00000000e0000000,0x00000000e5b80000)
  from space 40448K, 85% used [0x00000000e8780000,0x00000000ea9561a8,0x00000000eaf00000)
  to   space 45056K, 0% used [0x00000000e5b80000,0x00000000e5b80000,0x00000000e8780000)
 ParOldGen       total 140800K, used 84289K [0x00000000a0000000, 0x00000000a8980000, 0x00000000e0000000)
  object space 140800K, 59% used [0x00000000a0000000,0x00000000a52504c0,0x00000000a8980000)
 Metaspace       used 72399K, capacity 75558K, committed 75560K, reserved 1114112K
  class space    used 9575K, capacity 10286K, committed 10288K, reserved 1048576K
}
Event: 675.236 GC heap before
{Heap before GC invocations=46 (full 5):
 PSYoungGen      total 134144K, used 128344K [0x00000000e0000000, 0x00000000eb980000, 0x0000000100000000)
  eden space 93696K, 100% used [0x00000000e0000000,0x00000000e5b80000,0x00000000e5b80000)
  from space 40448K, 85% used [0x00000000e8780000,0x00000000ea9561a8,0x00000000eaf00000)
  to   space 45056K, 0% used [0x00000000e5b80000,0x00000000e5b80000,0x00000000e8780000)
 ParOldGen       total 140800K, used 84289K [0x00000000a0000000, 0x00000000a8980000, 0x00000000e0000000)
  object space 140800K, 59% used [0x00000000a0000000,0x00000000a52504c0,0x00000000a8980000)
 Metaspace       used 72435K, capacity 75558K, committed 75560K, reserved 1114112K
  class space    used 9575K, capacity 10286K, committed 10288K, reserved 1048576K
Event: 675.284 GC heap after
Heap after GC invocations=46 (full 5):
 PSYoungGen      total 138752K, used 27882K [0x00000000e0000000, 0x00000000ec800000, 0x0000000100000000)
  eden space 93696K, 0% used [0x00000000e0000000,0x00000000e0000000,0x00000000e5b80000)
  from space 45056K, 61% used [0x00000000e5b80000,0x00000000e76baa90,0x00000000e8780000)
  to   space 46592K, 0% used [0x00000000e9a80000,0x00000000e9a80000,0x00000000ec800000)
 ParOldGen       total 140800K, used 104860K [0x00000000a0000000, 0x00000000a8980000, 0x00000000e0000000)
  object space 140800K, 74% used [0x00000000a0000000,0x00000000a6667098,0x00000000a8980000)
 Metaspace       used 72435K, capacity 75558K, committed 75560K, reserved 1114112K
  class space    used 9575K, capacity 10286K, committed 10288K, reserved 1048576K
}
Event: 675.632 GC heap before
{Heap before GC invocations=47 (full 5):
 PSYoungGen      total 138752K, used 121578K [0x00000000e0000000, 0x00000000ec800000, 0x0000000100000000)
  eden space 93696K, 100% used [0x00000000e0000000,0x00000000e5b80000,0x00000000e5b80000)
  from space 45056K, 61% used [0x00000000e5b80000,0x00000000e76baa90,0x00000000e8780000)
  to   space 46592K, 0% used [0x00000000e9a80000,0x00000000e9a80000,0x00000000ec800000)
 ParOldGen       total 140800K, used 104860K [0x00000000a0000000, 0x00000000a8980000, 0x00000000e0000000)
  object space 140800K, 74% used [0x00000000a0000000,0x00000000a6667098,0x00000000a8980000)
 Metaspace       used 72445K, capacity 75558K, committed 75560K, reserved 1114112K
  class space    used 9575K, capacity 10286K, committed 10288K, reserved 1048576K
Event: 675.668 GC heap after
Heap after GC invocations=47 (full 5):
 PSYoungGen      total 153088K, used 14410K [0x00000000e0000000, 0x00000000ec300000, 0x0000000100000000)
  eden space 111616K, 0% used [0x00000000e0000000,0x00000000e0000000,0x00000000e6d00000)
  from space 41472K, 34% used [0x00000000e9a80000,0x00000000ea892890,0x00000000ec300000)
  to   space 44032K, 0% used [0x00000000e6d00000,0x00000000e6d00000,0x00000000e9800000)
 ParOldGen       total 140800K, used 113476K [0x00000000a0000000, 0x00000000a8980000, 0x00000000e0000000)
  object space 140800K, 80% used [0x00000000a0000000,0x00000000a6ed1230,0x00000000a8980000)
 Metaspace       used 72445K, capacity 75558K, committed 75560K, reserved 1114112K
  class space    used 9575K, capacity 10286K, committed 10288K, reserved 1048576K
}
Event: 676.292 GC heap before
{Heap before GC invocations=48 (full 5):
 PSYoungGen      total 153088K, used 126026K [0x00000000e0000000, 0x00000000ec300000, 0x0000000100000000)
  eden space 111616K, 100% used [0x00000000e0000000,0x00000000e6d00000,0x00000000e6d00000)
  from space 41472K, 34% used [0x00000000e9a80000,0x00000000ea892890,0x00000000ec300000)
  to   space 44032K, 0% used [0x00000000e6d00000,0x00000000e6d00000,0x00000000e9800000)
 ParOldGen       total 140800K, used 113476K [0x00000000a0000000, 0x00000000a8980000, 0x00000000e0000000)
  object space 140800K, 80% used [0x00000000a0000000,0x00000000a6ed1230,0x00000000a8980000)
 Metaspace       used 72486K, capacity 75622K, committed 75816K, reserved 1114112K
  class space    used 9575K, capacity 10286K, committed 10288K, reserved 1048576K
Event: 676.339 GC heap after
Heap after GC invocations=48 (full 5):
 PSYoungGen      total 155648K, used 31352K [0x00000000e0000000, 0x00000000edc80000, 0x0000000100000000)
  eden space 111616K, 0% used [0x00000000e0000000,0x00000000e0000000,0x00000000e6d00000)
  from space 44032K, 71% used [0x00000000e6d00000,0x00000000e8b9e108,0x00000000e9800000)
  to   space 46592K, 0% used [0x00000000eaf00000,0x00000000eaf00000,0x00000000edc80000)
 ParOldGen       total 140800K, used 125069K [0x00000000a0000000, 0x00000000a8980000, 0x00000000e0000000)
  object space 140800K, 88% used [0x00000000a0000000,0x00000000a7a235f0,0x00000000a8980000)
 Metaspace       used 72486K, capacity 75622K, committed 75816K, reserved 1114112K
  class space    used 9575K, capacity 10286K, committed 10288K, reserved 1048576K
}
Event: 676.339 GC heap before
{Heap before GC invocations=49 (full 6):
 PSYoungGen      total 155648K, used 31352K [0x00000000e0000000, 0x00000000edc80000, 0x0000000100000000)
  eden space 111616K, 0% used [0x00000000e0000000,0x00000000e0000000,0x00000000e6d00000)
  from space 44032K, 71% used [0x00000000e6d00000,0x00000000e8b9e108,0x00000000e9800000)
  to   space 46592K, 0% used [0x00000000eaf00000,0x00000000eaf00000,0x00000000edc80000)
 ParOldGen       total 140800K, used 125069K [0x00000000a0000000, 0x00000000a8980000, 0x00000000e0000000)
  object space 140800K, 88% used [0x00000000a0000000,0x00000000a7a235f0,0x00000000a8980000)
 Metaspace       used 72486K, capacity 75622K, committed 75816K, reserved 1114112K
  class space    used 9575K, capacity 10286K, committed 10288K, reserved 1048576K

Deoptimization events (10 events):
Event: 675.895 Thread 0x000000001daf6800 Uncommon trap: reason=bimorphic action=maybe_recompile pc=0x0000000005498180 method=com.android.dx.cf.code.BytecodeArray.parseInstruction(ILcom/android/dx/cf/code/BytecodeArray$Visitor;)I @ 1130
Event: 675.895 Thread 0x000000001daf6800 Uncommon trap: reason=bimorphic action=maybe_recompile pc=0x0000000005497da8 method=com.android.dx.cf.code.BytecodeArray.parseInstruction(ILcom/android/dx/cf/code/BytecodeArray$Visitor;)I @ 907
Event: 675.895 Thread 0x000000001daf6800 Uncommon trap: reason=bimorphic action=maybe_recompile pc=0x00000000054994b8 method=com.android.dx.cf.code.BytecodeArray.parseInstruction(ILcom/android/dx/cf/code/BytecodeArray$Visitor;)I @ 1224
Event: 675.895 Thread 0x000000001daf6800 Uncommon trap: reason=bimorphic action=maybe_recompile pc=0x0000000005497e28 method=com.android.dx.cf.code.BytecodeArray.parseInstruction(ILcom/android/dx/cf/code/BytecodeArray$Visitor;)I @ 923
Event: 675.895 Thread 0x000000001daf6800 Uncommon trap: reason=bimorphic action=maybe_recompile pc=0x00000000054994b8 method=com.android.dx.cf.code.BytecodeArray.parseInstruction(ILcom/android/dx/cf/code/BytecodeArray$Visitor;)I @ 1224
Event: 675.896 Thread 0x000000001daf6800 Uncommon trap: reason=unstable_if action=reinterpret pc=0x00000000055a17d4 method=com.android.dx.cf.code.RopperMachine.run(Lcom/android/dx/cf/code/Frame;II)V @ 1500
Event: 675.896 Thread 0x000000001daf6800 Uncommon trap: reason=class_check action=maybe_recompile pc=0x00000000054b12dc method=com.android.dx.cf.code.Ropper.processBlock(Lcom/android/dx/cf/code/ByteBlock;Lcom/android/dx/cf/code/Frame;[I)V @ 777
Event: 675.897 Thread 0x000000001daf6800 Uncommon trap: reason=class_check action=maybe_recompile pc=0x00000000054b12dc method=com.android.dx.cf.code.Ropper.processBlock(Lcom/android/dx/cf/code/ByteBlock;Lcom/android/dx/cf/code/Frame;[I)V @ 777
Event: 675.897 Thread 0x000000001daf6800 Uncommon trap: reason=class_check action=maybe_recompile pc=0x00000000054b12dc method=com.android.dx.cf.code.Ropper.processBlock(Lcom/android/dx/cf/code/ByteBlock;Lcom/android/dx/cf/code/Frame;[I)V @ 777
Event: 675.897 Thread 0x000000001daf6800 Uncommon trap: reason=class_check action=maybe_recompile pc=0x00000000054b12dc method=com.android.dx.cf.code.Ropper.processBlock(Lcom/android/dx/cf/code/ByteBlock;Lcom/android/dx/cf/code/Frame;[I)V @ 777

Internal exceptions (10 events):
Event: 662.476 Thread 0x000000001daea000 Exception <a 'java/net/UnknownHostException': jcenter.bintray.com> (0x00000000e3d2add0) thrown at [C:\re\workspace\8-2-build-windows-amd64-cygwin\jdk8u131\8869\hotspot\src\share\vm\prims\jni.cpp, line 735]
Event: 662.592 Thread 0x000000001daea000 Exception <a 'java/lang/ClassNotFoundException': com/android/build/gradle/tasks/CheckManifestInInstantRunMode_DecoratedBeanInfo> (0x00000000e47f4be8) thrown at [C:\re\workspace\8-2-build-windows-amd64-cygwin\jdk8u131\8869\hotspot\src\share\vm\classfile\sy
Event: 662.593 Thread 0x000000001daea000 Exception <a 'java/lang/ClassNotFoundException': com/android/build/gradle/tasks/CheckManifestInInstantRunModeBeanInfo> (0x00000000e480a100) thrown at [C:\re\workspace\8-2-build-windows-amd64-cygwin\jdk8u131\8869\hotspot\src\share\vm\classfile\systemDictio
Event: 662.593 Thread 0x000000001daea000 Exception <a 'java/lang/ClassNotFoundException': com/android/build/gradle/tasks/CheckManifestInInstantRunModeCustomizer> (0x00000000e481fa68) thrown at [C:\re\workspace\8-2-build-windows-amd64-cygwin\jdk8u131\8869\hotspot\src\share\vm\classfile\systemDict
Event: 662.595 Thread 0x000000001daea000 Exception <a 'java/lang/ClassNotFoundException': com/android/build/gradle/tasks/CheckManifestInInstantRunMode_DecoratedCustomizer> (0x00000000e484bbb0) thrown at [C:\re\workspace\8-2-build-windows-amd64-cygwin\jdk8u131\8869\hotspot\src\share\vm\classfile\
Event: 662.608 Thread 0x000000001daea000 Exception <a 'java/lang/ClassNotFoundException': com/android/build/gradle/tasks/fd/GenerateInstantRunAppInfoTask_DecoratedBeanInfo> (0x00000000e497fb38) thrown at [C:\re\workspace\8-2-build-windows-amd64-cygwin\jdk8u131\8869\hotspot\src\share\vm\classfile
Event: 662.609 Thread 0x000000001daea000 Exception <a 'java/lang/ClassNotFoundException': com/android/build/gradle/tasks/fd/GenerateInstantRunAppInfoTaskBeanInfo> (0x00000000e4995920) thrown at [C:\re\workspace\8-2-build-windows-amd64-cygwin\jdk8u131\8869\hotspot\src\share\vm\classfile\systemDic
Event: 662.609 Thread 0x000000001daea000 Exception <a 'java/lang/ClassNotFoundException': com/android/build/gradle/tasks/fd/GenerateInstantRunAppInfoTaskCustomizer> (0x00000000e49abaf0) thrown at [C:\re\workspace\8-2-build-windows-amd64-cygwin\jdk8u131\8869\hotspot\src\share\vm\classfile\systemD
Event: 662.612 Thread 0x000000001daea000 Exception <a 'java/lang/ClassNotFoundException': com/android/build/gradle/tasks/fd/GenerateInstantRunAppInfoTask_DecoratedCustomizer> (0x00000000e49dc158) thrown at [C:\re\workspace\8-2-build-windows-amd64-cygwin\jdk8u131\8869\hotspot\src\share\vm\classfi
Event: 670.411 Thread 0x000000001daf1800 Exception <a 'java/lang/NoSuchMethodError': <clinit>> (0x00000000e3c7d9f0) thrown at [C:\re\workspace\8-2-build-windows-amd64-cygwin\jdk8u131\8869\hotspot\src\share\vm\prims\jni.cpp, line 1613]

Events (10 events):
Event: 676.202 Thread 0x000000001daf8000 DEOPT UNPACKING pc=0x0000000002ac787f sp=0x0000000024e0e470 mode 0
Event: 676.214 Thread 0x000000001daf8000 DEOPT PACKING pc=0x0000000005629362 sp=0x0000000024e0e920
Event: 676.214 Thread 0x000000001daf8000 DEOPT UNPACKING pc=0x0000000002ac787f sp=0x0000000024e0e640 mode 0
Event: 676.229 Thread 0x000000001daf3800 DEOPT PACKING pc=0x0000000002f57919 sp=0x0000000024d0def0
Event: 676.229 Thread 0x000000001daf3800 DEOPT UNPACKING pc=0x0000000002ac787f sp=0x0000000024d0dd20 mode 0
Event: 676.229 Thread 0x000000001daf3800 DEOPT PACKING pc=0x0000000004dbfd3f sp=0x0000000024d0dea0
Event: 676.229 Thread 0x000000001daf3800 DEOPT UNPACKING pc=0x0000000002ac787f sp=0x0000000024d0dcb0 mode 0
Event: 676.282 Thread 0x000000001daf8000 DEOPT PACKING pc=0x00000000053cdb9d sp=0x0000000024e0e810
Event: 676.282 Thread 0x000000001daf8000 DEOPT UNPACKING pc=0x0000000002ac787f sp=0x0000000024e0e5b0 mode 0
Event: 676.292 Executing VM operation: ParallelGCFailedAllocation


Dynamic libraries:
0x00007ff68ed30000 - 0x00007ff68ed67000 	C:\Program Files\Java\jdk1.8.0_131\bin\java.exe
0x00007ffb79220000 - 0x00007ffb793f1000 	C:\WINDOWS\SYSTEM32\ntdll.dll
0x00007ffb786c0000 - 0x00007ffb7876c000 	C:\WINDOWS\System32\KERNEL32.DLL
0x00007ffb75840000 - 0x00007ffb75a5d000 	C:\WINDOWS\System32\KERNELBASE.dll
0x00007ffb78c60000 - 0x00007ffb78d02000 	C:\WINDOWS\System32\ADVAPI32.dll
0x00007ffb78fa0000 - 0x00007ffb7903e000 	C:\WINDOWS\System32\msvcrt.dll
0x00007ffb78600000 - 0x00007ffb78659000 	C:\WINDOWS\System32\sechost.dll
0x00007ffb78d10000 - 0x00007ffb78e31000 	C:\WINDOWS\System32\RPCRT4.dll
0x00007ffb790b0000 - 0x00007ffb79215000 	C:\WINDOWS\System32\USER32.dll
0x00007ffb75720000 - 0x00007ffb7573e000 	C:\WINDOWS\System32\win32u.dll
0x00007ffb767b0000 - 0x00007ffb767e4000 	C:\WINDOWS\System32\GDI32.dll
0x00007ffb75c30000 - 0x00007ffb75db0000 	C:\WINDOWS\System32\gdi32full.dll
0x00007ffb676b0000 - 0x00007ffb6792a000 	C:\WINDOWS\WinSxS\amd64_microsoft.windows.common-controls_6595b64144ccf1df_6.0.14393.953_none_42151e83c686086b\COMCTL32.dll
0x00007ffb78770000 - 0x00007ffb78a38000 	C:\WINDOWS\System32\combase.dll
0x00007ffb75740000 - 0x00007ffb75835000 	C:\WINDOWS\System32\ucrtbase.dll
0x00007ffb76530000 - 0x00007ffb7659a000 	C:\WINDOWS\System32\bcryptPrimitives.dll
0x00007ffb784d0000 - 0x00007ffb784fe000 	C:\WINDOWS\System32\IMM32.DLL
0x0000000058710000 - 0x00000000587e2000 	C:\Program Files\Java\jdk1.8.0_131\jre\bin\msvcr100.dll
0x0000000058c80000 - 0x000000005951c000 	C:\Program Files\Java\jdk1.8.0_131\jre\bin\server\jvm.dll
0x00007ffb78be0000 - 0x00007ffb78be8000 	C:\WINDOWS\System32\PSAPI.DLL
0x00007ffb70380000 - 0x00007ffb7038a000 	C:\WINDOWS\SYSTEM32\VERSION.dll
0x00007ffb71df0000 - 0x00007ffb71df9000 	C:\WINDOWS\SYSTEM32\WSOCK32.dll
0x00007ffb73a00000 - 0x00007ffb73a23000 	C:\WINDOWS\SYSTEM32\WINMM.dll
0x00007ffb79040000 - 0x00007ffb790aa000 	C:\WINDOWS\System32\WS2_32.dll
0x00007ffb739d0000 - 0x00007ffb739fb000 	C:\WINDOWS\SYSTEM32\WINMMBASE.dll
0x00007ffb766b0000 - 0x00007ffb766f2000 	C:\WINDOWS\System32\cfgmgr32.dll
0x0000000058b90000 - 0x0000000058b9f000 	C:\Program Files\Java\jdk1.8.0_131\jre\bin\verify.dll
0x0000000058b60000 - 0x0000000058b89000 	C:\Program Files\Java\jdk1.8.0_131\jre\bin\java.dll
0x0000000058b40000 - 0x0000000058b56000 	C:\Program Files\Java\jdk1.8.0_131\jre\bin\zip.dll
0x00007ffb76b20000 - 0x00007ffb78028000 	C:\WINDOWS\System32\SHELL32.dll
0x00007ffb75db0000 - 0x00007ffb7648a000 	C:\WINDOWS\System32\windows.storage.dll
0x00007ffb756c0000 - 0x00007ffb7570c000 	C:\WINDOWS\System32\powrprof.dll
0x00007ffb78a40000 - 0x00007ffb78a92000 	C:\WINDOWS\System32\shlwapi.dll
0x00007ffb75710000 - 0x00007ffb7571f000 	C:\WINDOWS\System32\kernel.appcore.dll
0x00007ffb765a0000 - 0x00007ffb76649000 	C:\WINDOWS\System32\shcore.dll
0x00007ffb75690000 - 0x00007ffb756a4000 	C:\WINDOWS\System32\profapi.dll
0x0000000058b20000 - 0x0000000058b3a000 	C:\Program Files\Java\jdk1.8.0_131\jre\bin\net.dll
0x00007ffb74f60000 - 0x00007ffb74fbc000 	C:\WINDOWS\system32\mswsock.dll
0x0000000058b00000 - 0x0000000058b11000 	C:\Program Files\Java\jdk1.8.0_131\jre\bin\nio.dll
0x00007ffb6f870000 - 0x00007ffb6f88e000 	C:\Users\DELL\.gradle\native\23\windows-amd64\native-platform.dll
0x00007ffb75100000 - 0x00007ffb75117000 	C:\WINDOWS\SYSTEM32\CRYPTSP.dll
0x00007ffb74b60000 - 0x00007ffb74b93000 	C:\WINDOWS\system32\rsaenh.dll
0x00007ffb755d0000 - 0x00007ffb755fb000 	C:\WINDOWS\SYSTEM32\bcrypt.dll
0x00007ffb74de0000 - 0x00007ffb74dff000 	C:\WINDOWS\SYSTEM32\USERENV.dll
0x00007ffb755c0000 - 0x00007ffb755cb000 	C:\WINDOWS\SYSTEM32\CRYPTBASE.dll
0x00007ffb74ce0000 - 0x00007ffb74d18000 	C:\WINDOWS\SYSTEM32\IPHLPAPI.DLL
0x00007ffb78460000 - 0x00007ffb78468000 	C:\WINDOWS\System32\NSI.dll
0x00007ffb71910000 - 0x00007ffb71926000 	C:\WINDOWS\SYSTEM32\dhcpcsvc6.DLL
0x00007ffb71830000 - 0x00007ffb7184a000 	C:\WINDOWS\SYSTEM32\dhcpcsvc.DLL
0x00000000588f0000 - 0x00000000588fd000 	C:\Program Files\Java\jdk1.8.0_131\jre\bin\management.dll
0x0000000058830000 - 0x0000000058854000 	C:\Program Files\Java\jdk1.8.0_131\jre\bin\sunec.dll
0x00007ffb74d20000 - 0x00007ffb74dc1000 	C:\WINDOWS\SYSTEM32\DNSAPI.dll
0x00007ffb6e550000 - 0x00007ffb6e55a000 	C:\Windows\System32\rasadhlp.dll
0x00007ffb70230000 - 0x00007ffb7029a000 	C:\WINDOWS\System32\fwpuclnt.dll
0x0000000058820000 - 0x000000005882b000 	C:\Program Files\Java\jdk1.8.0_131\jre\bin\sunmscapi.dll
0x00007ffb75a60000 - 0x00007ffb75c29000 	C:\WINDOWS\System32\CRYPT32.dll
0x00007ffb756b0000 - 0x00007ffb756c0000 	C:\WINDOWS\System32\MSASN1.dll
0x00007ffb68410000 - 0x00007ffb685a2000 	C:\WINDOWS\SYSTEM32\dbghelp.dll

VM Arguments:
jvm_args: -Xmx1536m -Dfile.encoding=windows-1254 -Duser.country=TR -Duser.language=tr -Duser.variant 
java_command: org.gradle.launcher.daemon.bootstrap.GradleDaemon 3.3
java_class_path (initial): C:\Users\DELL\.gradle\wrapper\dists\gradle-3.3-all\55gk2rcmfc6p2dg9u9ohc3hw9\gradle-3.3\lib\gradle-launcher-3.3.jar
Launcher Type: SUN_STANDARD

Environment Variables:
PATH=C:\ProgramData\Oracle\Java\javapath;C:\Windows\system32;C:\Windows;C:\Windows\System32\Wbem;C:\Windows\System32\WindowsPowerShell\v1.0\;C:\Program Files (x86)\NVIDIA Corporation\PhysX\Common;C:\WINDOWS\system32;C:\WINDOWS;C:\WINDOWS\System32\Wbem;C:\WINDOWS\System32\WindowsPowerShell\v1.0\;C:\Program Files (x86)\Skype\Phone\;C:\Program Files\PuTTY\;C:\Program Files\Git\cmd;C:\Users\DELL\AppData\Local\Microsoft\WindowsApps;
USERNAME=DELL
OS=Windows_NT
PROCESSOR_IDENTIFIER=Intel64 Family 6 Model 42 Stepping 7, GenuineIntel



---------------  S Y S T E M  ---------------

OS: Windows 10.0 , 64 bit Build 14393 (10.0.14393.1198)

CPU:total 4 (initial active 4) (2 cores per cpu, 2 threads per core) family 6 model 42 stepping 7, cmov, cx8, fxsr, mmx, sse, sse2, sse3, ssse3, sse4.1, sse4.2, popcnt, avx, aes, clmul, ht, tsc, tscinvbit

Memory: 4k page, physical 4098092k(1094132k free), swap 6588460k(3358468k free)

vm_info: Java HotSpot(TM) 64-Bit Server VM (25.131-b11) for windows-amd64 JRE (1.8.0_131-b11), built on Mar 15 2017 01:23:53 by "java_re" with MS VC++ 10.0 (VS2010)

time: Thu Jul 20 14:14:14 2017
elapsed time: 676 seconds (0d 0h 11m 16s)

